2024-08-20 16:40:25,634 - INFO -  main.py start
2024-08-20 16:40:25,634 - INFO - Starting ApiManager
2024-08-20 16:40:25,645 - DEBUG - URL being requested: GET https://www.googleapis.com/drive/v3/files?fields=files%28id%2C+name%2C+parents%29%2C+nextPageToken%2C+incompleteSearch&q=mimeType%3D%27application%2Fvnd.google-apps.spreadsheet%27&pageSize=500&orderBy=recency&alt=json
2024-08-20 16:40:25,668 - DEBUG - Making request: POST https://oauth2.googleapis.com/token
2024-08-20 16:40:27,389 - DEBUG - URL being requested: GET https://sheets.googleapis.com/v4/spreadsheets/1mPf9NiRRimWTYZkHdcpJ2pX8yC2QOSkjejjnRJOxzHQ?includeGridData=false&fields=%2A&alt=json
2024-08-20 16:40:28,376 - INFO - Starting start
2024-08-20 16:40:28,376 - INFO - Starting reatores_ano
2024-08-20 16:40:28,376 - DEBUG - Starting new HTTPS connection (1): pris.iaea.org:443
2024-08-20 16:40:29,513 - DEBUG - https://pris.iaea.org:443 "GET /PRIS/CountryStatistics/ReactorDetails.aspx?current=1 HTTP/1.1" 200 8302
2024-08-20 16:40:29,919 - DEBUG - https://pris.iaea.org:443 "GET /PRIS/CountryStatistics/ReactorDetails.aspx?current=2 HTTP/1.1" 200 11920
2024-08-20 16:40:30,369 - DEBUG - https://pris.iaea.org:443 "GET /PRIS/CountryStatistics/ReactorDetails.aspx?current=3 HTTP/1.1" 200 13718
2024-08-20 16:40:30,831 - DEBUG - https://pris.iaea.org:443 "GET /PRIS/CountryStatistics/ReactorDetails.aspx?current=4 HTTP/1.1" 200 12517
2024-08-20 16:40:31,236 - DEBUG - https://pris.iaea.org:443 "GET /PRIS/CountryStatistics/ReactorDetails.aspx?current=5 HTTP/1.1" 200 8671
2024-08-20 16:40:31,681 - DEBUG - https://pris.iaea.org:443 "GET /PRIS/CountryStatistics/ReactorDetails.aspx?current=8 HTTP/1.1" 200 9481
2024-08-20 16:40:32,244 - DEBUG - https://pris.iaea.org:443 "GET /PRIS/CountryStatistics/ReactorDetails.aspx?current=9 HTTP/1.1" 200 13733
2024-08-20 16:40:32,659 - DEBUG - https://pris.iaea.org:443 "GET /PRIS/CountryStatistics/ReactorDetails.aspx?current=10 HTTP/1.1" 200 13470
2024-08-20 16:40:33,082 - DEBUG - https://pris.iaea.org:443 "GET /PRIS/CountryStatistics/ReactorDetails.aspx?current=11 HTTP/1.1" 200 13709
2024-08-20 16:40:33,497 - DEBUG - https://pris.iaea.org:443 "GET /PRIS/CountryStatistics/ReactorDetails.aspx?current=12 HTTP/1.1" 200 12861
2024-08-20 16:40:33,966 - DEBUG - https://pris.iaea.org:443 "GET /PRIS/CountryStatistics/ReactorDetails.aspx?current=13 HTTP/1.1" 200 12648
2024-08-20 16:40:34,396 - DEBUG - https://pris.iaea.org:443 "GET /PRIS/CountryStatistics/ReactorDetails.aspx?current=14 HTTP/1.1" 200 12561
2024-08-20 16:40:34,824 - DEBUG - https://pris.iaea.org:443 "GET /PRIS/CountryStatistics/ReactorDetails.aspx?current=15 HTTP/1.1" 200 12181
2024-08-20 16:40:35,239 - DEBUG - https://pris.iaea.org:443 "GET /PRIS/CountryStatistics/ReactorDetails.aspx?current=16 HTTP/1.1" 200 11064
2024-08-20 16:40:35,646 - DEBUG - https://pris.iaea.org:443 "GET /PRIS/CountryStatistics/ReactorDetails.aspx?current=17 HTTP/1.1" 200 10888
2024-08-20 16:40:36,059 - DEBUG - https://pris.iaea.org:443 "GET /PRIS/CountryStatistics/ReactorDetails.aspx?current=18 HTTP/1.1" 200 10828
2024-08-20 16:40:36,474 - DEBUG - https://pris.iaea.org:443 "GET /PRIS/CountryStatistics/ReactorDetails.aspx?current=19 HTTP/1.1" 200 10631
2024-08-20 16:40:36,880 - DEBUG - https://pris.iaea.org:443 "GET /PRIS/CountryStatistics/ReactorDetails.aspx?current=20 HTTP/1.1" 200 11993
2024-08-20 16:40:37,353 - DEBUG - https://pris.iaea.org:443 "GET /PRIS/CountryStatistics/ReactorDetails.aspx?current=21 HTTP/1.1" 200 11478
2024-08-20 16:40:37,800 - DEBUG - https://pris.iaea.org:443 "GET /PRIS/CountryStatistics/ReactorDetails.aspx?current=24 HTTP/1.1" 200 12619
2024-08-20 16:40:38,239 - DEBUG - https://pris.iaea.org:443 "GET /PRIS/CountryStatistics/ReactorDetails.aspx?current=25 HTTP/1.1" 200 10102
2024-08-20 16:40:38,674 - DEBUG - https://pris.iaea.org:443 "GET /PRIS/CountryStatistics/ReactorDetails.aspx?current=29 HTTP/1.1" 200 10658
2024-08-20 16:40:39,127 - DEBUG - https://pris.iaea.org:443 "GET /PRIS/CountryStatistics/ReactorDetails.aspx?current=30 HTTP/1.1" 200 13977
2024-08-20 16:40:39,583 - DEBUG - https://pris.iaea.org:443 "GET /PRIS/CountryStatistics/ReactorDetails.aspx?current=31 HTTP/1.1" 200 13865
2024-08-20 16:40:40,078 - DEBUG - https://pris.iaea.org:443 "GET /PRIS/CountryStatistics/ReactorDetails.aspx?current=32 HTTP/1.1" 200 11954
2024-08-20 16:40:40,500 - DEBUG - https://pris.iaea.org:443 "GET /PRIS/CountryStatistics/ReactorDetails.aspx?current=33 HTTP/1.1" 200 13448
2024-08-20 16:40:40,912 - DEBUG - https://pris.iaea.org:443 "GET /PRIS/CountryStatistics/ReactorDetails.aspx?current=34 HTTP/1.1" 200 13421
2024-08-20 16:40:41,324 - DEBUG - https://pris.iaea.org:443 "GET /PRIS/CountryStatistics/ReactorDetails.aspx?current=35 HTTP/1.1" 200 13178
2024-08-20 16:40:41,828 - DEBUG - https://pris.iaea.org:443 "GET /PRIS/CountryStatistics/ReactorDetails.aspx?current=36 HTTP/1.1" 200 12834
2024-08-20 16:40:42,284 - DEBUG - https://pris.iaea.org:443 "GET /PRIS/CountryStatistics/ReactorDetails.aspx?current=37 HTTP/1.1" 200 13466
2024-08-20 16:40:42,728 - DEBUG - https://pris.iaea.org:443 "GET /PRIS/CountryStatistics/ReactorDetails.aspx?current=38 HTTP/1.1" 200 13084
2024-08-20 16:40:43,187 - DEBUG - https://pris.iaea.org:443 "GET /PRIS/CountryStatistics/ReactorDetails.aspx?current=39 HTTP/1.1" 200 13148
2024-08-20 16:40:43,645 - DEBUG - https://pris.iaea.org:443 "GET /PRIS/CountryStatistics/ReactorDetails.aspx?current=40 HTTP/1.1" 200 10384
2024-08-20 16:40:44,071 - DEBUG - https://pris.iaea.org:443 "GET /PRIS/CountryStatistics/ReactorDetails.aspx?current=41 HTTP/1.1" 200 12912
2024-08-20 16:40:44,526 - DEBUG - https://pris.iaea.org:443 "GET /PRIS/CountryStatistics/ReactorDetails.aspx?current=42 HTTP/1.1" 200 12729
2024-08-20 16:40:44,951 - DEBUG - https://pris.iaea.org:443 "GET /PRIS/CountryStatistics/ReactorDetails.aspx?current=43 HTTP/1.1" 200 12273
2024-08-20 16:40:45,410 - DEBUG - https://pris.iaea.org:443 "GET /PRIS/CountryStatistics/ReactorDetails.aspx?current=44 HTTP/1.1" 200 12293
2024-08-20 16:40:45,846 - DEBUG - https://pris.iaea.org:443 "GET /PRIS/CountryStatistics/ReactorDetails.aspx?current=45 HTTP/1.1" 200 11924
2024-08-20 16:40:46,290 - DEBUG - https://pris.iaea.org:443 "GET /PRIS/CountryStatistics/ReactorDetails.aspx?current=46 HTTP/1.1" 200 12061
2024-08-20 16:40:46,690 - DEBUG - https://pris.iaea.org:443 "GET /PRIS/CountryStatistics/ReactorDetails.aspx?current=47 HTTP/1.1" 200 8990
2024-08-20 16:40:47,129 - DEBUG - https://pris.iaea.org:443 "GET /PRIS/CountryStatistics/ReactorDetails.aspx?current=49 HTTP/1.1" 200 14391
2024-08-20 16:40:47,544 - DEBUG - https://pris.iaea.org:443 "GET /PRIS/CountryStatistics/ReactorDetails.aspx?current=50 HTTP/1.1" 200 11971
2024-08-20 16:40:48,059 - DEBUG - https://pris.iaea.org:443 "GET /PRIS/CountryStatistics/ReactorDetails.aspx?current=51 HTTP/1.1" 200 12061
2024-08-20 16:40:48,475 - DEBUG - https://pris.iaea.org:443 "GET /PRIS/CountryStatistics/ReactorDetails.aspx?current=52 HTTP/1.1" 200 14318
2024-08-20 16:40:48,902 - DEBUG - https://pris.iaea.org:443 "GET /PRIS/CountryStatistics/ReactorDetails.aspx?current=53 HTTP/1.1" 200 13337
2024-08-20 16:40:49,328 - DEBUG - https://pris.iaea.org:443 "GET /PRIS/CountryStatistics/ReactorDetails.aspx?current=54 HTTP/1.1" 200 13210
2024-08-20 16:40:49,739 - DEBUG - https://pris.iaea.org:443 "GET /PRIS/CountryStatistics/ReactorDetails.aspx?current=55 HTTP/1.1" 200 14189
2024-08-20 16:40:50,151 - DEBUG - https://pris.iaea.org:443 "GET /PRIS/CountryStatistics/ReactorDetails.aspx?current=56 HTTP/1.1" 200 13388
2024-08-20 16:40:50,586 - DEBUG - https://pris.iaea.org:443 "GET /PRIS/CountryStatistics/ReactorDetails.aspx?current=57 HTTP/1.1" 200 13907
2024-08-20 16:40:51,018 - DEBUG - https://pris.iaea.org:443 "GET /PRIS/CountryStatistics/ReactorDetails.aspx?current=58 HTTP/1.1" 200 13274
2024-08-20 16:40:51,454 - DEBUG - https://pris.iaea.org:443 "GET /PRIS/CountryStatistics/ReactorDetails.aspx?current=59 HTTP/1.1" 200 12478
2024-08-20 16:40:51,909 - DEBUG - https://pris.iaea.org:443 "GET /PRIS/CountryStatistics/ReactorDetails.aspx?current=62 HTTP/1.1" 200 14364
2024-08-20 16:40:52,372 - DEBUG - https://pris.iaea.org:443 "GET /PRIS/CountryStatistics/ReactorDetails.aspx?current=63 HTTP/1.1" 200 14119
2024-08-20 16:40:52,776 - DEBUG - https://pris.iaea.org:443 "GET /PRIS/CountryStatistics/ReactorDetails.aspx?current=64 HTTP/1.1" 200 13960
2024-08-20 16:40:53,212 - DEBUG - https://pris.iaea.org:443 "GET /PRIS/CountryStatistics/ReactorDetails.aspx?current=65 HTTP/1.1" 200 13069
2024-08-20 16:40:53,631 - DEBUG - https://pris.iaea.org:443 "GET /PRIS/CountryStatistics/ReactorDetails.aspx?current=66 HTTP/1.1" 200 12701
2024-08-20 16:40:54,096 - DEBUG - https://pris.iaea.org:443 "GET /PRIS/CountryStatistics/ReactorDetails.aspx?current=67 HTTP/1.1" 200 12948
2024-08-20 16:40:54,539 - DEBUG - https://pris.iaea.org:443 "GET /PRIS/CountryStatistics/ReactorDetails.aspx?current=68 HTTP/1.1" 200 12922
2024-08-20 16:40:55,047 - DEBUG - https://pris.iaea.org:443 "GET /PRIS/CountryStatistics/ReactorDetails.aspx?current=69 HTTP/1.1" 200 13023
2024-08-20 16:40:55,483 - DEBUG - https://pris.iaea.org:443 "GET /PRIS/CountryStatistics/ReactorDetails.aspx?current=74 HTTP/1.1" 200 10388
2024-08-20 16:40:55,923 - DEBUG - https://pris.iaea.org:443 "GET /PRIS/CountryStatistics/ReactorDetails.aspx?current=75 HTTP/1.1" 200 10321
2024-08-20 16:40:56,363 - DEBUG - https://pris.iaea.org:443 "GET /PRIS/CountryStatistics/ReactorDetails.aspx?current=78 HTTP/1.1" 200 12287
2024-08-20 16:40:56,762 - DEBUG - https://pris.iaea.org:443 "GET /PRIS/CountryStatistics/ReactorDetails.aspx?current=79 HTTP/1.1" 200 12241
2024-08-20 16:40:57,212 - DEBUG - https://pris.iaea.org:443 "GET /PRIS/CountryStatistics/ReactorDetails.aspx?current=80 HTTP/1.1" 200 12236
2024-08-20 16:40:57,622 - DEBUG - https://pris.iaea.org:443 "GET /PRIS/CountryStatistics/ReactorDetails.aspx?current=81 HTTP/1.1" 200 12024
2024-08-20 16:40:58,049 - DEBUG - https://pris.iaea.org:443 "GET /PRIS/CountryStatistics/ReactorDetails.aspx?current=82 HTTP/1.1" 200 11108
2024-08-20 16:40:58,515 - DEBUG - https://pris.iaea.org:443 "GET /PRIS/CountryStatistics/ReactorDetails.aspx?current=83 HTTP/1.1" 200 12860
2024-08-20 16:40:58,918 - DEBUG - https://pris.iaea.org:443 "GET /PRIS/CountryStatistics/ReactorDetails.aspx?current=84 HTTP/1.1" 200 9133
2024-08-20 16:40:59,348 - DEBUG - https://pris.iaea.org:443 "GET /PRIS/CountryStatistics/ReactorDetails.aspx?current=85 HTTP/1.1" 200 13614
2024-08-20 16:40:59,782 - DEBUG - https://pris.iaea.org:443 "GET /PRIS/CountryStatistics/ReactorDetails.aspx?current=86 HTTP/1.1" 200 13574
2024-08-20 16:41:00,218 - DEBUG - https://pris.iaea.org:443 "GET /PRIS/CountryStatistics/ReactorDetails.aspx?current=87 HTTP/1.1" 200 13193
2024-08-20 16:41:00,658 - DEBUG - https://pris.iaea.org:443 "GET /PRIS/CountryStatistics/ReactorDetails.aspx?current=88 HTTP/1.1" 200 13536
2024-08-20 16:41:01,096 - DEBUG - https://pris.iaea.org:443 "GET /PRIS/CountryStatistics/ReactorDetails.aspx?current=89 HTTP/1.1" 200 13401
2024-08-20 16:41:01,532 - DEBUG - https://pris.iaea.org:443 "GET /PRIS/CountryStatistics/ReactorDetails.aspx?current=90 HTTP/1.1" 200 13214
2024-08-20 16:41:01,959 - DEBUG - https://pris.iaea.org:443 "GET /PRIS/CountryStatistics/ReactorDetails.aspx?current=91 HTTP/1.1" 200 13374
2024-08-20 16:41:02,399 - DEBUG - https://pris.iaea.org:443 "GET /PRIS/CountryStatistics/ReactorDetails.aspx?current=92 HTTP/1.1" 200 9221
2024-08-20 16:41:02,795 - DEBUG - https://pris.iaea.org:443 "GET /PRIS/CountryStatistics/ReactorDetails.aspx?current=93 HTTP/1.1" 200 11105
2024-08-20 16:41:03,284 - DEBUG - https://pris.iaea.org:443 "GET /PRIS/CountryStatistics/ReactorDetails.aspx?current=94 HTTP/1.1" 200 12738
2024-08-20 16:41:03,739 - DEBUG - https://pris.iaea.org:443 "GET /PRIS/CountryStatistics/ReactorDetails.aspx?current=96 HTTP/1.1" 200 9149
2024-08-20 16:41:04,133 - DEBUG - https://pris.iaea.org:443 "GET /PRIS/CountryStatistics/ReactorDetails.aspx?current=97 HTTP/1.1" 200 13188
2024-08-20 16:41:04,556 - DEBUG - https://pris.iaea.org:443 "GET /PRIS/CountryStatistics/ReactorDetails.aspx?current=98 HTTP/1.1" 200 13313
2024-08-20 16:41:04,975 - DEBUG - https://pris.iaea.org:443 "GET /PRIS/CountryStatistics/ReactorDetails.aspx?current=100 HTTP/1.1" 200 13280
2024-08-20 16:41:05,410 - DEBUG - https://pris.iaea.org:443 "GET /PRIS/CountryStatistics/ReactorDetails.aspx?current=101 HTTP/1.1" 200 13391
2024-08-20 16:41:05,822 - DEBUG - https://pris.iaea.org:443 "GET /PRIS/CountryStatistics/ReactorDetails.aspx?current=102 HTTP/1.1" 200 13843
2024-08-20 16:41:06,236 - DEBUG - https://pris.iaea.org:443 "GET /PRIS/CountryStatistics/ReactorDetails.aspx?current=104 HTTP/1.1" 200 10145
2024-08-20 16:41:06,647 - DEBUG - https://pris.iaea.org:443 "GET /PRIS/CountryStatistics/ReactorDetails.aspx?current=106 HTTP/1.1" 200 13208
2024-08-20 16:41:07,114 - DEBUG - https://pris.iaea.org:443 "GET /PRIS/CountryStatistics/ReactorDetails.aspx?current=107 HTTP/1.1" 200 13387
2024-08-20 16:41:07,561 - DEBUG - https://pris.iaea.org:443 "GET /PRIS/CountryStatistics/ReactorDetails.aspx?current=108 HTTP/1.1" 200 13133
2024-08-20 16:41:07,978 - DEBUG - https://pris.iaea.org:443 "GET /PRIS/CountryStatistics/ReactorDetails.aspx?current=114 HTTP/1.1" 200 11518
2024-08-20 16:41:08,437 - DEBUG - https://pris.iaea.org:443 "GET /PRIS/CountryStatistics/ReactorDetails.aspx?current=119 HTTP/1.1" 200 12974
2024-08-20 16:41:08,903 - DEBUG - https://pris.iaea.org:443 "GET /PRIS/CountryStatistics/ReactorDetails.aspx?current=121 HTTP/1.1" 200 13600
2024-08-20 16:41:09,381 - DEBUG - https://pris.iaea.org:443 "GET /PRIS/CountryStatistics/ReactorDetails.aspx?current=122 HTTP/1.1" 200 9682
2024-08-20 16:41:09,780 - DEBUG - https://pris.iaea.org:443 "GET /PRIS/CountryStatistics/ReactorDetails.aspx?current=123 HTTP/1.1" 200 9900
2024-08-20 16:41:10,231 - DEBUG - https://pris.iaea.org:443 "GET /PRIS/CountryStatistics/ReactorDetails.aspx?current=124 HTTP/1.1" 200 9852
2024-08-20 16:41:10,644 - DEBUG - https://pris.iaea.org:443 "GET /PRIS/CountryStatistics/ReactorDetails.aspx?current=125 HTTP/1.1" 200 9769
2024-08-20 16:41:11,048 - DEBUG - https://pris.iaea.org:443 "GET /PRIS/CountryStatistics/ReactorDetails.aspx?current=126 HTTP/1.1" 200 9677
2024-08-20 16:41:11,448 - DEBUG - https://pris.iaea.org:443 "GET /PRIS/CountryStatistics/ReactorDetails.aspx?current=127 HTTP/1.1" 200 8836
2024-08-20 16:41:11,884 - DEBUG - https://pris.iaea.org:443 "GET /PRIS/CountryStatistics/ReactorDetails.aspx?current=133 HTTP/1.1" 200 10395
2024-08-20 16:41:12,364 - DEBUG - https://pris.iaea.org:443 "GET /PRIS/CountryStatistics/ReactorDetails.aspx?current=134 HTTP/1.1" 200 9049
2024-08-20 16:41:12,756 - DEBUG - https://pris.iaea.org:443 "GET /PRIS/CountryStatistics/ReactorDetails.aspx?current=135 HTTP/1.1" 200 10728
2024-08-20 16:41:13,164 - DEBUG - https://pris.iaea.org:443 "GET /PRIS/CountryStatistics/ReactorDetails.aspx?current=136 HTTP/1.1" 200 11864
2024-08-20 16:41:13,641 - DEBUG - https://pris.iaea.org:443 "GET /PRIS/CountryStatistics/ReactorDetails.aspx?current=139 HTTP/1.1" 200 12490
2024-08-20 16:41:14,036 - DEBUG - https://pris.iaea.org:443 "GET /PRIS/CountryStatistics/ReactorDetails.aspx?current=140 HTTP/1.1" 200 12641
2024-08-20 16:41:14,472 - DEBUG - https://pris.iaea.org:443 "GET /PRIS/CountryStatistics/ReactorDetails.aspx?current=141 HTTP/1.1" 200 12267
2024-08-20 16:41:14,895 - DEBUG - https://pris.iaea.org:443 "GET /PRIS/CountryStatistics/ReactorDetails.aspx?current=146 HTTP/1.1" 200 12366
2024-08-20 16:41:15,332 - DEBUG - https://pris.iaea.org:443 "GET /PRIS/CountryStatistics/ReactorDetails.aspx?current=149 HTTP/1.1" 200 13246
2024-08-20 16:41:15,778 - DEBUG - https://pris.iaea.org:443 "GET /PRIS/CountryStatistics/ReactorDetails.aspx?current=150 HTTP/1.1" 200 9996
2024-08-20 16:41:16,247 - DEBUG - https://pris.iaea.org:443 "GET /PRIS/CountryStatistics/ReactorDetails.aspx?current=153 HTTP/1.1" 200 13239
2024-08-20 16:41:16,673 - DEBUG - https://pris.iaea.org:443 "GET /PRIS/CountryStatistics/ReactorDetails.aspx?current=154 HTTP/1.1" 200 12841
2024-08-20 16:41:17,110 - DEBUG - https://pris.iaea.org:443 "GET /PRIS/CountryStatistics/ReactorDetails.aspx?current=155 HTTP/1.1" 200 12862
2024-08-20 16:41:17,541 - DEBUG - https://pris.iaea.org:443 "GET /PRIS/CountryStatistics/ReactorDetails.aspx?current=156 HTTP/1.1" 200 12405
2024-08-20 16:41:17,969 - DEBUG - https://pris.iaea.org:443 "GET /PRIS/CountryStatistics/ReactorDetails.aspx?current=157 HTTP/1.1" 200 13290
2024-08-20 16:41:18,387 - DEBUG - https://pris.iaea.org:443 "GET /PRIS/CountryStatistics/ReactorDetails.aspx?current=158 HTTP/1.1" 200 12907
2024-08-20 16:41:18,816 - DEBUG - https://pris.iaea.org:443 "GET /PRIS/CountryStatistics/ReactorDetails.aspx?current=159 HTTP/1.1" 200 13136
2024-08-20 16:41:19,240 - DEBUG - https://pris.iaea.org:443 "GET /PRIS/CountryStatistics/ReactorDetails.aspx?current=160 HTTP/1.1" 200 12765
2024-08-20 16:41:19,702 - DEBUG - https://pris.iaea.org:443 "GET /PRIS/CountryStatistics/ReactorDetails.aspx?current=161 HTTP/1.1" 200 12262
2024-08-20 16:41:20,183 - DEBUG - https://pris.iaea.org:443 "GET /PRIS/CountryStatistics/ReactorDetails.aspx?current=162 HTTP/1.1" 200 14591
2024-08-20 16:41:20,635 - DEBUG - https://pris.iaea.org:443 "GET /PRIS/CountryStatistics/ReactorDetails.aspx?current=163 HTTP/1.1" 200 15630
2024-08-20 16:41:21,066 - DEBUG - https://pris.iaea.org:443 "GET /PRIS/CountryStatistics/ReactorDetails.aspx?current=164 HTTP/1.1" 200 15654
2024-08-20 16:41:21,547 - DEBUG - https://pris.iaea.org:443 "GET /PRIS/CountryStatistics/ReactorDetails.aspx?current=165 HTTP/1.1" 200 15745
2024-08-20 16:41:21,998 - DEBUG - https://pris.iaea.org:443 "GET /PRIS/CountryStatistics/ReactorDetails.aspx?current=166 HTTP/1.1" 200 15793
2024-08-20 16:41:22,431 - DEBUG - https://pris.iaea.org:443 "GET /PRIS/CountryStatistics/ReactorDetails.aspx?current=167 HTTP/1.1" 200 15644
2024-08-20 16:41:22,897 - DEBUG - https://pris.iaea.org:443 "GET /PRIS/CountryStatistics/ReactorDetails.aspx?current=168 HTTP/1.1" 200 15625
2024-08-20 16:41:23,312 - DEBUG - https://pris.iaea.org:443 "GET /PRIS/CountryStatistics/ReactorDetails.aspx?current=169 HTTP/1.1" 200 15327
2024-08-20 16:41:23,766 - DEBUG - https://pris.iaea.org:443 "GET /PRIS/CountryStatistics/ReactorDetails.aspx?current=170 HTTP/1.1" 200 15556
2024-08-20 16:41:24,258 - DEBUG - https://pris.iaea.org:443 "GET /PRIS/CountryStatistics/ReactorDetails.aspx?current=171 HTTP/1.1" 200 15477
2024-08-20 16:41:24,735 - DEBUG - https://pris.iaea.org:443 "GET /PRIS/CountryStatistics/ReactorDetails.aspx?current=172 HTTP/1.1" 200 11453
2024-08-20 16:41:25,135 - DEBUG - https://pris.iaea.org:443 "GET /PRIS/CountryStatistics/ReactorDetails.aspx?current=173 HTTP/1.1" 200 10676
2024-08-20 16:41:25,621 - DEBUG - https://pris.iaea.org:443 "GET /PRIS/CountryStatistics/ReactorDetails.aspx?current=174 HTTP/1.1" 200 15493
2024-08-20 16:41:26,087 - DEBUG - https://pris.iaea.org:443 "GET /PRIS/CountryStatistics/ReactorDetails.aspx?current=175 HTTP/1.1" 200 15545
2024-08-20 16:41:26,502 - DEBUG - https://pris.iaea.org:443 "GET /PRIS/CountryStatistics/ReactorDetails.aspx?current=176 HTTP/1.1" 200 15571
2024-08-20 16:41:27,055 - DEBUG - https://pris.iaea.org:443 "GET /PRIS/CountryStatistics/ReactorDetails.aspx?current=177 HTTP/1.1" 200 15421
2024-08-20 16:41:27,481 - DEBUG - https://pris.iaea.org:443 "GET /PRIS/CountryStatistics/ReactorDetails.aspx?current=178 HTTP/1.1" 200 11374
2024-08-20 16:41:27,891 - DEBUG - https://pris.iaea.org:443 "GET /PRIS/CountryStatistics/ReactorDetails.aspx?current=179 HTTP/1.1" 200 15258
2024-08-20 16:41:28,355 - DEBUG - https://pris.iaea.org:443 "GET /PRIS/CountryStatistics/ReactorDetails.aspx?current=180 HTTP/1.1" 200 15288
2024-08-20 16:41:28,779 - DEBUG - https://pris.iaea.org:443 "GET /PRIS/CountryStatistics/ReactorDetails.aspx?current=181 HTTP/1.1" 200 15398
2024-08-20 16:41:29,224 - DEBUG - https://pris.iaea.org:443 "GET /PRIS/CountryStatistics/ReactorDetails.aspx?current=182 HTTP/1.1" 200 15334
2024-08-20 16:41:29,667 - DEBUG - https://pris.iaea.org:443 "GET /PRIS/CountryStatistics/ReactorDetails.aspx?current=183 HTTP/1.1" 200 15490
2024-08-20 16:41:30,108 - DEBUG - https://pris.iaea.org:443 "GET /PRIS/CountryStatistics/ReactorDetails.aspx?current=184 HTTP/1.1" 200 12263
2024-08-20 16:41:30,522 - DEBUG - https://pris.iaea.org:443 "GET /PRIS/CountryStatistics/ReactorDetails.aspx?current=185 HTTP/1.1" 200 15289
2024-08-20 16:41:30,951 - DEBUG - https://pris.iaea.org:443 "GET /PRIS/CountryStatistics/ReactorDetails.aspx?current=186 HTTP/1.1" 200 15359
2024-08-20 16:41:31,416 - DEBUG - https://pris.iaea.org:443 "GET /PRIS/CountryStatistics/ReactorDetails.aspx?current=187 HTTP/1.1" 200 15388
2024-08-20 16:41:31,879 - DEBUG - https://pris.iaea.org:443 "GET /PRIS/CountryStatistics/ReactorDetails.aspx?current=188 HTTP/1.1" 200 15206
2024-08-20 16:41:32,296 - DEBUG - https://pris.iaea.org:443 "GET /PRIS/CountryStatistics/ReactorDetails.aspx?current=189 HTTP/1.1" 200 15044
2024-08-20 16:41:32,729 - DEBUG - https://pris.iaea.org:443 "GET /PRIS/CountryStatistics/ReactorDetails.aspx?current=190 HTTP/1.1" 200 15104
2024-08-20 16:41:33,211 - DEBUG - https://pris.iaea.org:443 "GET /PRIS/CountryStatistics/ReactorDetails.aspx?current=191 HTTP/1.1" 200 15029
2024-08-20 16:41:33,650 - DEBUG - https://pris.iaea.org:443 "GET /PRIS/CountryStatistics/ReactorDetails.aspx?current=192 HTTP/1.1" 200 14894
2024-08-20 16:41:34,067 - DEBUG - https://pris.iaea.org:443 "GET /PRIS/CountryStatistics/ReactorDetails.aspx?current=193 HTTP/1.1" 200 14830
2024-08-20 16:41:34,513 - DEBUG - https://pris.iaea.org:443 "GET /PRIS/CountryStatistics/ReactorDetails.aspx?current=194 HTTP/1.1" 200 14722
2024-08-20 16:41:34,928 - DEBUG - https://pris.iaea.org:443 "GET /PRIS/CountryStatistics/ReactorDetails.aspx?current=195 HTTP/1.1" 200 12787
2024-08-20 16:41:35,375 - DEBUG - https://pris.iaea.org:443 "GET /PRIS/CountryStatistics/ReactorDetails.aspx?current=196 HTTP/1.1" 200 15208
2024-08-20 16:41:35,779 - DEBUG - https://pris.iaea.org:443 "GET /PRIS/CountryStatistics/ReactorDetails.aspx?current=197 HTTP/1.1" 200 15050
2024-08-20 16:41:36,228 - DEBUG - https://pris.iaea.org:443 "GET /PRIS/CountryStatistics/ReactorDetails.aspx?current=198 HTTP/1.1" 200 14950
2024-08-20 16:41:36,680 - DEBUG - https://pris.iaea.org:443 "GET /PRIS/CountryStatistics/ReactorDetails.aspx?current=199 HTTP/1.1" 200 14922
2024-08-20 16:41:37,138 - DEBUG - https://pris.iaea.org:443 "GET /PRIS/CountryStatistics/ReactorDetails.aspx?current=200 HTTP/1.1" 200 14913
2024-08-20 16:41:37,559 - DEBUG - https://pris.iaea.org:443 "GET /PRIS/CountryStatistics/ReactorDetails.aspx?current=201 HTTP/1.1" 200 14929
2024-08-20 16:41:38,007 - DEBUG - https://pris.iaea.org:443 "GET /PRIS/CountryStatistics/ReactorDetails.aspx?current=202 HTTP/1.1" 200 14747
2024-08-20 16:41:38,426 - DEBUG - https://pris.iaea.org:443 "GET /PRIS/CountryStatistics/ReactorDetails.aspx?current=203 HTTP/1.1" 200 14656
2024-08-20 16:41:38,861 - DEBUG - https://pris.iaea.org:443 "GET /PRIS/CountryStatistics/ReactorDetails.aspx?current=204 HTTP/1.1" 200 14909
2024-08-20 16:41:39,285 - DEBUG - https://pris.iaea.org:443 "GET /PRIS/CountryStatistics/ReactorDetails.aspx?current=205 HTTP/1.1" 200 14813
2024-08-20 16:41:39,799 - DEBUG - https://pris.iaea.org:443 "GET /PRIS/CountryStatistics/ReactorDetails.aspx?current=206 HTTP/1.1" 200 12914
2024-08-20 16:41:40,230 - DEBUG - https://pris.iaea.org:443 "GET /PRIS/CountryStatistics/ReactorDetails.aspx?current=207 HTTP/1.1" 200 14710
2024-08-20 16:41:40,702 - DEBUG - https://pris.iaea.org:443 "GET /PRIS/CountryStatistics/ReactorDetails.aspx?current=208 HTTP/1.1" 200 14885
2024-08-20 16:41:41,128 - DEBUG - https://pris.iaea.org:443 "GET /PRIS/CountryStatistics/ReactorDetails.aspx?current=209 HTTP/1.1" 200 14738
2024-08-20 16:41:41,560 - DEBUG - https://pris.iaea.org:443 "GET /PRIS/CountryStatistics/ReactorDetails.aspx?current=210 HTTP/1.1" 200 14478
2024-08-20 16:41:41,977 - DEBUG - https://pris.iaea.org:443 "GET /PRIS/CountryStatistics/ReactorDetails.aspx?current=211 HTTP/1.1" 200 14529
2024-08-20 16:41:42,416 - DEBUG - https://pris.iaea.org:443 "GET /PRIS/CountryStatistics/ReactorDetails.aspx?current=212 HTTP/1.1" 200 14597
2024-08-20 16:41:42,866 - DEBUG - https://pris.iaea.org:443 "GET /PRIS/CountryStatistics/ReactorDetails.aspx?current=213 HTTP/1.1" 200 14600
2024-08-20 16:41:43,289 - DEBUG - https://pris.iaea.org:443 "GET /PRIS/CountryStatistics/ReactorDetails.aspx?current=214 HTTP/1.1" 200 14487
2024-08-20 16:41:43,725 - DEBUG - https://pris.iaea.org:443 "GET /PRIS/CountryStatistics/ReactorDetails.aspx?current=215 HTTP/1.1" 200 14572
2024-08-20 16:41:44,143 - DEBUG - https://pris.iaea.org:443 "GET /PRIS/CountryStatistics/ReactorDetails.aspx?current=216 HTTP/1.1" 200 14380
2024-08-20 16:41:44,569 - DEBUG - https://pris.iaea.org:443 "GET /PRIS/CountryStatistics/ReactorDetails.aspx?current=217 HTTP/1.1" 200 12287
2024-08-20 16:41:44,988 - DEBUG - https://pris.iaea.org:443 "GET /PRIS/CountryStatistics/ReactorDetails.aspx?current=218 HTTP/1.1" 200 14077
2024-08-20 16:41:45,446 - DEBUG - https://pris.iaea.org:443 "GET /PRIS/CountryStatistics/ReactorDetails.aspx?current=219 HTTP/1.1" 200 14121
2024-08-20 16:41:45,860 - DEBUG - https://pris.iaea.org:443 "GET /PRIS/CountryStatistics/ReactorDetails.aspx?current=220 HTTP/1.1" 200 13343
2024-08-20 16:41:46,274 - DEBUG - https://pris.iaea.org:443 "GET /PRIS/CountryStatistics/ReactorDetails.aspx?current=221 HTTP/1.1" 200 14092
2024-08-20 16:41:46,760 - DEBUG - https://pris.iaea.org:443 "GET /PRIS/CountryStatistics/ReactorDetails.aspx?current=222 HTTP/1.1" 200 13849
2024-08-20 16:41:47,176 - DEBUG - https://pris.iaea.org:443 "GET /PRIS/CountryStatistics/ReactorDetails.aspx?current=223 HTTP/1.1" 200 14030
2024-08-20 16:41:47,598 - DEBUG - https://pris.iaea.org:443 "GET /PRIS/CountryStatistics/ReactorDetails.aspx?current=224 HTTP/1.1" 200 13799
2024-08-20 16:41:47,998 - DEBUG - https://pris.iaea.org:443 "GET /PRIS/CountryStatistics/ReactorDetails.aspx?current=225 HTTP/1.1" 200 12771
2024-08-20 16:41:48,457 - DEBUG - https://pris.iaea.org:443 "GET /PRIS/CountryStatistics/ReactorDetails.aspx?current=226 HTTP/1.1" 200 13175
2024-08-20 16:41:50,163 - DEBUG - https://pris.iaea.org:443 "GET /PRIS/CountryStatistics/ReactorDetails.aspx?current=227 HTTP/1.1" 200 13163
2024-08-20 16:41:50,616 - DEBUG - https://pris.iaea.org:443 "GET /PRIS/CountryStatistics/ReactorDetails.aspx?current=228 HTTP/1.1" 200 12952
2024-08-20 16:41:51,078 - DEBUG - https://pris.iaea.org:443 "GET /PRIS/CountryStatistics/ReactorDetails.aspx?current=229 HTTP/1.1" 200 12786
2024-08-20 16:41:51,503 - DEBUG - https://pris.iaea.org:443 "GET /PRIS/CountryStatistics/ReactorDetails.aspx?current=230 HTTP/1.1" 200 12871
2024-08-20 16:41:51,912 - DEBUG - https://pris.iaea.org:443 "GET /PRIS/CountryStatistics/ReactorDetails.aspx?current=231 HTTP/1.1" 200 13481
2024-08-20 16:41:52,365 - DEBUG - https://pris.iaea.org:443 "GET /PRIS/CountryStatistics/ReactorDetails.aspx?current=232 HTTP/1.1" 200 13392
2024-08-20 16:41:52,765 - DEBUG - https://pris.iaea.org:443 "GET /PRIS/CountryStatistics/ReactorDetails.aspx?current=233 HTTP/1.1" 200 13289
2024-08-20 16:41:53,181 - DEBUG - https://pris.iaea.org:443 "GET /PRIS/CountryStatistics/ReactorDetails.aspx?current=234 HTTP/1.1" 200 13292
2024-08-20 16:41:53,609 - DEBUG - https://pris.iaea.org:443 "GET /PRIS/CountryStatistics/ReactorDetails.aspx?current=235 HTTP/1.1" 200 14054
2024-08-20 16:41:54,025 - DEBUG - https://pris.iaea.org:443 "GET /PRIS/CountryStatistics/ReactorDetails.aspx?current=236 HTTP/1.1" 200 13986
2024-08-20 16:41:54,448 - DEBUG - https://pris.iaea.org:443 "GET /PRIS/CountryStatistics/ReactorDetails.aspx?current=237 HTTP/1.1" 200 14503
2024-08-20 16:41:54,996 - DEBUG - https://pris.iaea.org:443 "GET /PRIS/CountryStatistics/ReactorDetails.aspx?current=238 HTTP/1.1" 200 14417
2024-08-20 16:41:55,413 - DEBUG - https://pris.iaea.org:443 "GET /PRIS/CountryStatistics/ReactorDetails.aspx?current=239 HTTP/1.1" 200 11862
2024-08-20 16:41:55,870 - DEBUG - https://pris.iaea.org:443 "GET /PRIS/CountryStatistics/ReactorDetails.aspx?current=240 HTTP/1.1" 200 14764
2024-08-20 16:41:56,305 - DEBUG - https://pris.iaea.org:443 "GET /PRIS/CountryStatistics/ReactorDetails.aspx?current=241 HTTP/1.1" 200 14456
2024-08-20 16:41:56,726 - DEBUG - https://pris.iaea.org:443 "GET /PRIS/CountryStatistics/ReactorDetails.aspx?current=242 HTTP/1.1" 200 10186
2024-08-20 16:41:57,158 - DEBUG - https://pris.iaea.org:443 "GET /PRIS/CountryStatistics/ReactorDetails.aspx?current=243 HTTP/1.1" 200 11266
2024-08-20 16:41:57,584 - DEBUG - https://pris.iaea.org:443 "GET /PRIS/CountryStatistics/ReactorDetails.aspx?current=244 HTTP/1.1" 200 15038
2024-08-20 16:41:58,045 - DEBUG - https://pris.iaea.org:443 "GET /PRIS/CountryStatistics/ReactorDetails.aspx?current=245 HTTP/1.1" 200 15193
2024-08-20 16:41:58,515 - DEBUG - https://pris.iaea.org:443 "GET /PRIS/CountryStatistics/ReactorDetails.aspx?current=246 HTTP/1.1" 200 15023
2024-08-20 16:41:58,940 - DEBUG - https://pris.iaea.org:443 "GET /PRIS/CountryStatistics/ReactorDetails.aspx?current=247 HTTP/1.1" 200 14904
2024-08-20 16:41:59,390 - DEBUG - https://pris.iaea.org:443 "GET /PRIS/CountryStatistics/ReactorDetails.aspx?current=248 HTTP/1.1" 200 13856
2024-08-20 16:41:59,828 - DEBUG - https://pris.iaea.org:443 "GET /PRIS/CountryStatistics/ReactorDetails.aspx?current=249 HTTP/1.1" 200 13613
2024-08-20 16:42:00,250 - DEBUG - https://pris.iaea.org:443 "GET /PRIS/CountryStatistics/ReactorDetails.aspx?current=250 HTTP/1.1" 200 14233
2024-08-20 16:42:00,708 - DEBUG - https://pris.iaea.org:443 "GET /PRIS/CountryStatistics/ReactorDetails.aspx?current=251 HTTP/1.1" 200 14080
2024-08-20 16:42:01,161 - DEBUG - https://pris.iaea.org:443 "GET /PRIS/CountryStatistics/ReactorDetails.aspx?current=252 HTTP/1.1" 200 13038
2024-08-20 16:42:01,604 - DEBUG - https://pris.iaea.org:443 "GET /PRIS/CountryStatistics/ReactorDetails.aspx?current=253 HTTP/1.1" 200 12974
2024-08-20 16:42:02,095 - DEBUG - https://pris.iaea.org:443 "GET /PRIS/CountryStatistics/ReactorDetails.aspx?current=254 HTTP/1.1" 200 12958
2024-08-20 16:42:02,553 - DEBUG - https://pris.iaea.org:443 "GET /PRIS/CountryStatistics/ReactorDetails.aspx?current=255 HTTP/1.1" 200 13056
2024-08-20 16:42:02,983 - DEBUG - https://pris.iaea.org:443 "GET /PRIS/CountryStatistics/ReactorDetails.aspx?current=256 HTTP/1.1" 200 14137
2024-08-20 16:42:03,426 - DEBUG - https://pris.iaea.org:443 "GET /PRIS/CountryStatistics/ReactorDetails.aspx?current=257 HTTP/1.1" 200 14051
2024-08-20 16:42:03,864 - DEBUG - https://pris.iaea.org:443 "GET /PRIS/CountryStatistics/ReactorDetails.aspx?current=259 HTTP/1.1" 200 13569
2024-08-20 16:42:04,298 - DEBUG - https://pris.iaea.org:443 "GET /PRIS/CountryStatistics/ReactorDetails.aspx?current=260 HTTP/1.1" 200 13561
2024-08-20 16:42:04,739 - DEBUG - https://pris.iaea.org:443 "GET /PRIS/CountryStatistics/ReactorDetails.aspx?current=261 HTTP/1.1" 200 13569
2024-08-20 16:42:05,178 - DEBUG - https://pris.iaea.org:443 "GET /PRIS/CountryStatistics/ReactorDetails.aspx?current=262 HTTP/1.1" 200 13538
2024-08-20 16:42:05,611 - DEBUG - https://pris.iaea.org:443 "GET /PRIS/CountryStatistics/ReactorDetails.aspx?current=263 HTTP/1.1" 200 12662
2024-08-20 16:42:06,028 - DEBUG - https://pris.iaea.org:443 "GET /PRIS/CountryStatistics/ReactorDetails.aspx?current=264 HTTP/1.1" 200 11933
2024-08-20 16:42:06,445 - DEBUG - https://pris.iaea.org:443 "GET /PRIS/CountryStatistics/ReactorDetails.aspx?current=265 HTTP/1.1" 200 11828
2024-08-20 16:42:06,857 - DEBUG - https://pris.iaea.org:443 "GET /PRIS/CountryStatistics/ReactorDetails.aspx?current=266 HTTP/1.1" 200 12809
2024-08-20 16:42:07,307 - DEBUG - https://pris.iaea.org:443 "GET /PRIS/CountryStatistics/ReactorDetails.aspx?current=267 HTTP/1.1" 200 12831
2024-08-20 16:42:07,715 - DEBUG - https://pris.iaea.org:443 "GET /PRIS/CountryStatistics/ReactorDetails.aspx?current=268 HTTP/1.1" 200 10900
2024-08-20 16:42:08,113 - DEBUG - https://pris.iaea.org:443 "GET /PRIS/CountryStatistics/ReactorDetails.aspx?current=269 HTTP/1.1" 200 11996
2024-08-20 16:42:08,540 - DEBUG - https://pris.iaea.org:443 "GET /PRIS/CountryStatistics/ReactorDetails.aspx?current=270 HTTP/1.1" 200 11828
2024-08-20 16:42:08,982 - DEBUG - https://pris.iaea.org:443 "GET /PRIS/CountryStatistics/ReactorDetails.aspx?current=271 HTTP/1.1" 200 12913
2024-08-20 16:42:09,394 - DEBUG - https://pris.iaea.org:443 "GET /PRIS/CountryStatistics/ReactorDetails.aspx?current=272 HTTP/1.1" 200 12887
2024-08-20 16:42:09,866 - DEBUG - https://pris.iaea.org:443 "GET /PRIS/CountryStatistics/ReactorDetails.aspx?current=273 HTTP/1.1" 200 12005
2024-08-20 16:42:10,287 - DEBUG - https://pris.iaea.org:443 "GET /PRIS/CountryStatistics/ReactorDetails.aspx?current=274 HTTP/1.1" 200 11993
2024-08-20 16:42:10,742 - DEBUG - https://pris.iaea.org:443 "GET /PRIS/CountryStatistics/ReactorDetails.aspx?current=275 HTTP/1.1" 200 14099
2024-08-20 16:42:11,162 - DEBUG - https://pris.iaea.org:443 "GET /PRIS/CountryStatistics/ReactorDetails.aspx?current=276 HTTP/1.1" 200 14046
2024-08-20 16:42:11,591 - DEBUG - https://pris.iaea.org:443 "GET /PRIS/CountryStatistics/ReactorDetails.aspx?current=278 HTTP/1.1" 200 12621
2024-08-20 16:42:12,042 - DEBUG - https://pris.iaea.org:443 "GET /PRIS/CountryStatistics/ReactorDetails.aspx?current=279 HTTP/1.1" 200 12332
2024-08-20 16:42:12,460 - DEBUG - https://pris.iaea.org:443 "GET /PRIS/CountryStatistics/ReactorDetails.aspx?current=280 HTTP/1.1" 200 12006
2024-08-20 16:42:12,902 - DEBUG - https://pris.iaea.org:443 "GET /PRIS/CountryStatistics/ReactorDetails.aspx?current=281 HTTP/1.1" 200 11869
2024-08-20 16:42:13,327 - DEBUG - https://pris.iaea.org:443 "GET /PRIS/CountryStatistics/ReactorDetails.aspx?current=285 HTTP/1.1" 200 14892
2024-08-20 16:42:13,774 - DEBUG - https://pris.iaea.org:443 "GET /PRIS/CountryStatistics/ReactorDetails.aspx?current=286 HTTP/1.1" 200 11993
2024-08-20 16:42:14,188 - DEBUG - https://pris.iaea.org:443 "GET /PRIS/CountryStatistics/ReactorDetails.aspx?current=287 HTTP/1.1" 200 11434
2024-08-20 16:42:14,651 - DEBUG - https://pris.iaea.org:443 "GET /PRIS/CountryStatistics/ReactorDetails.aspx?current=288 HTTP/1.1" 200 11374
2024-08-20 16:42:15,079 - DEBUG - https://pris.iaea.org:443 "GET /PRIS/CountryStatistics/ReactorDetails.aspx?current=289 HTTP/1.1" 200 11439
2024-08-20 16:42:15,494 - DEBUG - https://pris.iaea.org:443 "GET /PRIS/CountryStatistics/ReactorDetails.aspx?current=290 HTTP/1.1" 200 11525
2024-08-20 16:42:15,893 - DEBUG - https://pris.iaea.org:443 "GET /PRIS/CountryStatistics/ReactorDetails.aspx?current=291 HTTP/1.1" 200 10532
2024-08-20 16:42:16,321 - DEBUG - https://pris.iaea.org:443 "GET /PRIS/CountryStatistics/ReactorDetails.aspx?current=292 HTTP/1.1" 200 10035
2024-08-20 16:42:16,717 - DEBUG - https://pris.iaea.org:443 "GET /PRIS/CountryStatistics/ReactorDetails.aspx?current=295 HTTP/1.1" 200 10270
2024-08-20 16:42:17,129 - DEBUG - https://pris.iaea.org:443 "GET /PRIS/CountryStatistics/ReactorDetails.aspx?current=296 HTTP/1.1" 200 14998
2024-08-20 16:42:17,622 - DEBUG - https://pris.iaea.org:443 "GET /PRIS/CountryStatistics/ReactorDetails.aspx?current=297 HTTP/1.1" 200 10184
2024-08-20 16:42:18,057 - DEBUG - https://pris.iaea.org:443 "GET /PRIS/CountryStatistics/ReactorDetails.aspx?current=300 HTTP/1.1" 200 10711
2024-08-20 16:42:18,483 - DEBUG - https://pris.iaea.org:443 "GET /PRIS/CountryStatistics/ReactorDetails.aspx?current=301 HTTP/1.1" 200 10921
2024-08-20 16:42:18,948 - DEBUG - https://pris.iaea.org:443 "GET /PRIS/CountryStatistics/ReactorDetails.aspx?current=302 HTTP/1.1" 200 13784
2024-08-20 16:42:19,394 - DEBUG - https://pris.iaea.org:443 "GET /PRIS/CountryStatistics/ReactorDetails.aspx?current=303 HTTP/1.1" 200 13814
2024-08-20 16:42:19,836 - DEBUG - https://pris.iaea.org:443 "GET /PRIS/CountryStatistics/ReactorDetails.aspx?current=304 HTTP/1.1" 200 13125
2024-08-20 16:42:20,269 - DEBUG - https://pris.iaea.org:443 "GET /PRIS/CountryStatistics/ReactorDetails.aspx?current=305 HTTP/1.1" 200 13316
2024-08-20 16:42:20,704 - DEBUG - https://pris.iaea.org:443 "GET /PRIS/CountryStatistics/ReactorDetails.aspx?current=306 HTTP/1.1" 200 12560
2024-08-20 16:42:21,126 - DEBUG - https://pris.iaea.org:443 "GET /PRIS/CountryStatistics/ReactorDetails.aspx?current=307 HTTP/1.1" 200 12382
2024-08-20 16:42:21,572 - DEBUG - https://pris.iaea.org:443 "GET /PRIS/CountryStatistics/ReactorDetails.aspx?current=308 HTTP/1.1" 200 12192
2024-08-20 16:42:22,101 - DEBUG - https://pris.iaea.org:443 "GET /PRIS/CountryStatistics/ReactorDetails.aspx?current=310 HTTP/1.1" 200 9072
2024-08-20 16:42:22,547 - DEBUG - https://pris.iaea.org:443 "GET /PRIS/CountryStatistics/ReactorDetails.aspx?current=318 HTTP/1.1" 200 9988
2024-08-20 16:42:22,975 - DEBUG - https://pris.iaea.org:443 "GET /PRIS/CountryStatistics/ReactorDetails.aspx?current=325 HTTP/1.1" 200 9217
2024-08-20 16:42:23,399 - DEBUG - https://pris.iaea.org:443 "GET /PRIS/CountryStatistics/ReactorDetails.aspx?current=326 HTTP/1.1" 200 10103
2024-08-20 16:42:23,803 - DEBUG - https://pris.iaea.org:443 "GET /PRIS/CountryStatistics/ReactorDetails.aspx?current=327 HTTP/1.1" 200 8986
2024-08-20 16:42:24,226 - DEBUG - https://pris.iaea.org:443 "GET /PRIS/CountryStatistics/ReactorDetails.aspx?current=333 HTTP/1.1" 200 10394
2024-08-20 16:42:24,650 - DEBUG - https://pris.iaea.org:443 "GET /PRIS/CountryStatistics/ReactorDetails.aspx?current=334 HTTP/1.1" 200 14246
2024-08-20 16:42:25,095 - DEBUG - https://pris.iaea.org:443 "GET /PRIS/CountryStatistics/ReactorDetails.aspx?current=335 HTTP/1.1" 200 13556
2024-08-20 16:42:25,543 - DEBUG - https://pris.iaea.org:443 "GET /PRIS/CountryStatistics/ReactorDetails.aspx?current=336 HTTP/1.1" 200 14678
2024-08-20 16:42:25,976 - DEBUG - https://pris.iaea.org:443 "GET /PRIS/CountryStatistics/ReactorDetails.aspx?current=337 HTTP/1.1" 200 15123
2024-08-20 16:42:26,505 - DEBUG - https://pris.iaea.org:443 "GET /PRIS/CountryStatistics/ReactorDetails.aspx?current=338 HTTP/1.1" 200 15238
2024-08-20 16:42:26,938 - DEBUG - https://pris.iaea.org:443 "GET /PRIS/CountryStatistics/ReactorDetails.aspx?current=339 HTTP/1.1" 200 14606
2024-08-20 16:42:27,377 - DEBUG - https://pris.iaea.org:443 "GET /PRIS/CountryStatistics/ReactorDetails.aspx?current=340 HTTP/1.1" 200 13746
2024-08-20 16:42:27,868 - DEBUG - https://pris.iaea.org:443 "GET /PRIS/CountryStatistics/ReactorDetails.aspx?current=341 HTTP/1.1" 200 14063
2024-08-20 16:42:28,306 - DEBUG - https://pris.iaea.org:443 "GET /PRIS/CountryStatistics/ReactorDetails.aspx?current=342 HTTP/1.1" 200 13950
2024-08-20 16:42:28,756 - DEBUG - https://pris.iaea.org:443 "GET /PRIS/CountryStatistics/ReactorDetails.aspx?current=343 HTTP/1.1" 200 14336
2024-08-20 16:42:29,175 - DEBUG - https://pris.iaea.org:443 "GET /PRIS/CountryStatistics/ReactorDetails.aspx?current=344 HTTP/1.1" 200 13303
2024-08-20 16:42:29,574 - DEBUG - https://pris.iaea.org:443 "GET /PRIS/CountryStatistics/ReactorDetails.aspx?current=345 HTTP/1.1" 200 12722
2024-08-20 16:42:30,041 - DEBUG - https://pris.iaea.org:443 "GET /PRIS/CountryStatistics/ReactorDetails.aspx?current=346 HTTP/1.1" 200 14738
2024-08-20 16:42:30,460 - DEBUG - https://pris.iaea.org:443 "GET /PRIS/CountryStatistics/ReactorDetails.aspx?current=347 HTTP/1.1" 200 13754
2024-08-20 16:42:30,867 - DEBUG - https://pris.iaea.org:443 "GET /PRIS/CountryStatistics/ReactorDetails.aspx?current=348 HTTP/1.1" 200 14435
2024-08-20 16:42:31,315 - DEBUG - https://pris.iaea.org:443 "GET /PRIS/CountryStatistics/ReactorDetails.aspx?current=349 HTTP/1.1" 200 13415
2024-08-20 16:42:31,777 - DEBUG - https://pris.iaea.org:443 "GET /PRIS/CountryStatistics/ReactorDetails.aspx?current=350 HTTP/1.1" 200 14207
2024-08-20 16:42:32,219 - DEBUG - https://pris.iaea.org:443 "GET /PRIS/CountryStatistics/ReactorDetails.aspx?current=351 HTTP/1.1" 200 13878
2024-08-20 16:42:32,684 - DEBUG - https://pris.iaea.org:443 "GET /PRIS/CountryStatistics/ReactorDetails.aspx?current=352 HTTP/1.1" 200 14191
2024-08-20 16:42:33,210 - DEBUG - https://pris.iaea.org:443 "GET /PRIS/CountryStatistics/ReactorDetails.aspx?current=353 HTTP/1.1" 200 14682
2024-08-20 16:42:33,629 - DEBUG - https://pris.iaea.org:443 "GET /PRIS/CountryStatistics/ReactorDetails.aspx?current=354 HTTP/1.1" 200 14367
2024-08-20 16:42:34,070 - DEBUG - https://pris.iaea.org:443 "GET /PRIS/CountryStatistics/ReactorDetails.aspx?current=355 HTTP/1.1" 200 15232
2024-08-20 16:42:34,490 - DEBUG - https://pris.iaea.org:443 "GET /PRIS/CountryStatistics/ReactorDetails.aspx?current=356 HTTP/1.1" 200 14244
2024-08-20 16:42:34,897 - DEBUG - https://pris.iaea.org:443 "GET /PRIS/CountryStatistics/ReactorDetails.aspx?current=357 HTTP/1.1" 200 10193
2024-08-20 16:42:35,314 - DEBUG - https://pris.iaea.org:443 "GET /PRIS/CountryStatistics/ReactorDetails.aspx?current=358 HTTP/1.1" 200 13863
2024-08-20 16:42:35,744 - DEBUG - https://pris.iaea.org:443 "GET /PRIS/CountryStatistics/ReactorDetails.aspx?current=359 HTTP/1.1" 200 13836
2024-08-20 16:42:36,156 - DEBUG - https://pris.iaea.org:443 "GET /PRIS/CountryStatistics/ReactorDetails.aspx?current=360 HTTP/1.1" 200 13604
2024-08-20 16:42:36,567 - DEBUG - https://pris.iaea.org:443 "GET /PRIS/CountryStatistics/ReactorDetails.aspx?current=361 HTTP/1.1" 200 13687
2024-08-20 16:42:36,985 - DEBUG - https://pris.iaea.org:443 "GET /PRIS/CountryStatistics/ReactorDetails.aspx?current=362 HTTP/1.1" 200 13512
2024-08-20 16:42:37,415 - DEBUG - https://pris.iaea.org:443 "GET /PRIS/CountryStatistics/ReactorDetails.aspx?current=363 HTTP/1.1" 200 14229
2024-08-20 16:42:37,830 - DEBUG - https://pris.iaea.org:443 "GET /PRIS/CountryStatistics/ReactorDetails.aspx?current=364 HTTP/1.1" 200 13489
2024-08-20 16:42:38,249 - DEBUG - https://pris.iaea.org:443 "GET /PRIS/CountryStatistics/ReactorDetails.aspx?current=365 HTTP/1.1" 200 12982
2024-08-20 16:42:38,665 - DEBUG - https://pris.iaea.org:443 "GET /PRIS/CountryStatistics/ReactorDetails.aspx?current=366 HTTP/1.1" 200 15100
2024-08-20 16:42:39,135 - DEBUG - https://pris.iaea.org:443 "GET /PRIS/CountryStatistics/ReactorDetails.aspx?current=367 HTTP/1.1" 200 13271
2024-08-20 16:42:39,636 - DEBUG - https://pris.iaea.org:443 "GET /PRIS/CountryStatistics/ReactorDetails.aspx?current=368 HTTP/1.1" 200 13377
2024-08-20 16:42:40,090 - DEBUG - https://pris.iaea.org:443 "GET /PRIS/CountryStatistics/ReactorDetails.aspx?current=370 HTTP/1.1" 200 13302
2024-08-20 16:42:40,545 - DEBUG - https://pris.iaea.org:443 "GET /PRIS/CountryStatistics/ReactorDetails.aspx?current=371 HTTP/1.1" 200 13061
2024-08-20 16:42:40,974 - DEBUG - https://pris.iaea.org:443 "GET /PRIS/CountryStatistics/ReactorDetails.aspx?current=372 HTTP/1.1" 200 13167
2024-08-20 16:42:41,440 - DEBUG - https://pris.iaea.org:443 "GET /PRIS/CountryStatistics/ReactorDetails.aspx?current=373 HTTP/1.1" 200 12869
2024-08-20 16:42:41,846 - DEBUG - https://pris.iaea.org:443 "GET /PRIS/CountryStatistics/ReactorDetails.aspx?current=374 HTTP/1.1" 200 13089
2024-08-20 16:42:42,276 - DEBUG - https://pris.iaea.org:443 "GET /PRIS/CountryStatistics/ReactorDetails.aspx?current=375 HTTP/1.1" 200 12717
2024-08-20 16:42:42,784 - DEBUG - https://pris.iaea.org:443 "GET /PRIS/CountryStatistics/ReactorDetails.aspx?current=376 HTTP/1.1" 200 12811
2024-08-20 16:42:43,205 - DEBUG - https://pris.iaea.org:443 "GET /PRIS/CountryStatistics/ReactorDetails.aspx?current=377 HTTP/1.1" 200 14911
2024-08-20 16:42:43,673 - DEBUG - https://pris.iaea.org:443 "GET /PRIS/CountryStatistics/ReactorDetails.aspx?current=378 HTTP/1.1" 200 13369
2024-08-20 16:42:44,110 - DEBUG - https://pris.iaea.org:443 "GET /PRIS/CountryStatistics/ReactorDetails.aspx?current=379 HTTP/1.1" 200 13265
2024-08-20 16:42:44,565 - DEBUG - https://pris.iaea.org:443 "GET /PRIS/CountryStatistics/ReactorDetails.aspx?current=380 HTTP/1.1" 200 12770
2024-08-20 16:42:44,976 - DEBUG - https://pris.iaea.org:443 "GET /PRIS/CountryStatistics/ReactorDetails.aspx?current=381 HTTP/1.1" 200 12698
2024-08-20 16:42:45,441 - DEBUG - https://pris.iaea.org:443 "GET /PRIS/CountryStatistics/ReactorDetails.aspx?current=382 HTTP/1.1" 200 12654
2024-08-20 16:42:45,846 - DEBUG - https://pris.iaea.org:443 "GET /PRIS/CountryStatistics/ReactorDetails.aspx?current=383 HTTP/1.1" 200 12520
2024-08-20 16:42:46,303 - DEBUG - https://pris.iaea.org:443 "GET /PRIS/CountryStatistics/ReactorDetails.aspx?current=384 HTTP/1.1" 200 12540
2024-08-20 16:42:46,697 - DEBUG - https://pris.iaea.org:443 "GET /PRIS/CountryStatistics/ReactorDetails.aspx?current=385 HTTP/1.1" 200 11871
2024-08-20 16:42:47,198 - DEBUG - https://pris.iaea.org:443 "GET /PRIS/CountryStatistics/ReactorDetails.aspx?current=386 HTTP/1.1" 200 14935
2024-08-20 16:42:47,629 - DEBUG - https://pris.iaea.org:443 "GET /PRIS/CountryStatistics/ReactorDetails.aspx?current=387 HTTP/1.1" 200 14729
2024-08-20 16:42:48,077 - DEBUG - https://pris.iaea.org:443 "GET /PRIS/CountryStatistics/ReactorDetails.aspx?current=388 HTTP/1.1" 200 15105
2024-08-20 16:42:48,496 - DEBUG - https://pris.iaea.org:443 "GET /PRIS/CountryStatistics/ReactorDetails.aspx?current=389 HTTP/1.1" 200 14497
2024-08-20 16:42:48,937 - DEBUG - https://pris.iaea.org:443 "GET /PRIS/CountryStatistics/ReactorDetails.aspx?current=394 HTTP/1.1" 200 13697
2024-08-20 16:42:49,372 - DEBUG - https://pris.iaea.org:443 "GET /PRIS/CountryStatistics/ReactorDetails.aspx?current=395 HTTP/1.1" 200 12559
2024-08-20 16:42:49,774 - DEBUG - https://pris.iaea.org:443 "GET /PRIS/CountryStatistics/ReactorDetails.aspx?current=396 HTTP/1.1" 200 11982
2024-08-20 16:42:50,232 - DEBUG - https://pris.iaea.org:443 "GET /PRIS/CountryStatistics/ReactorDetails.aspx?current=397 HTTP/1.1" 200 11807
2024-08-20 16:42:50,633 - DEBUG - https://pris.iaea.org:443 "GET /PRIS/CountryStatistics/ReactorDetails.aspx?current=398 HTTP/1.1" 200 11544
2024-08-20 16:42:51,098 - DEBUG - https://pris.iaea.org:443 "GET /PRIS/CountryStatistics/ReactorDetails.aspx?current=399 HTTP/1.1" 200 11583
2024-08-20 16:42:51,502 - DEBUG - https://pris.iaea.org:443 "GET /PRIS/CountryStatistics/ReactorDetails.aspx?current=400 HTTP/1.1" 200 11601
2024-08-20 16:42:51,949 - DEBUG - https://pris.iaea.org:443 "GET /PRIS/CountryStatistics/ReactorDetails.aspx?current=401 HTTP/1.1" 200 11424
2024-08-20 16:42:52,360 - DEBUG - https://pris.iaea.org:443 "GET /PRIS/CountryStatistics/ReactorDetails.aspx?current=402 HTTP/1.1" 200 11253
2024-08-20 16:42:52,767 - DEBUG - https://pris.iaea.org:443 "GET /PRIS/CountryStatistics/ReactorDetails.aspx?current=403 HTTP/1.1" 200 11082
2024-08-20 16:42:53,172 - DEBUG - https://pris.iaea.org:443 "GET /PRIS/CountryStatistics/ReactorDetails.aspx?current=404 HTTP/1.1" 200 10918
2024-08-20 16:42:53,607 - DEBUG - https://pris.iaea.org:443 "GET /PRIS/CountryStatistics/ReactorDetails.aspx?current=405 HTTP/1.1" 200 13355
2024-08-20 16:42:54,024 - DEBUG - https://pris.iaea.org:443 "GET /PRIS/CountryStatistics/ReactorDetails.aspx?current=406 HTTP/1.1" 200 10743
2024-08-20 16:42:54,436 - DEBUG - https://pris.iaea.org:443 "GET /PRIS/CountryStatistics/ReactorDetails.aspx?current=407 HTTP/1.1" 200 12959
2024-08-20 16:42:54,964 - DEBUG - https://pris.iaea.org:443 "GET /PRIS/CountryStatistics/ReactorDetails.aspx?current=408 HTTP/1.1" 200 11799
2024-08-20 16:42:55,350 - DEBUG - https://pris.iaea.org:443 "GET /PRIS/CountryStatistics/ReactorDetails.aspx?current=409 HTTP/1.1" 200 13124
2024-08-20 16:42:55,823 - DEBUG - https://pris.iaea.org:443 "GET /PRIS/CountryStatistics/ReactorDetails.aspx?current=410 HTTP/1.1" 200 13058
2024-08-20 16:42:56,282 - DEBUG - https://pris.iaea.org:443 "GET /PRIS/CountryStatistics/ReactorDetails.aspx?current=411 HTTP/1.1" 200 13029
2024-08-20 16:42:56,765 - DEBUG - https://pris.iaea.org:443 "GET /PRIS/CountryStatistics/ReactorDetails.aspx?current=412 HTTP/1.1" 200 13111
2024-08-20 16:42:57,210 - DEBUG - https://pris.iaea.org:443 "GET /PRIS/CountryStatistics/ReactorDetails.aspx?current=413 HTTP/1.1" 200 12711
2024-08-20 16:42:57,636 - DEBUG - https://pris.iaea.org:443 "GET /PRIS/CountryStatistics/ReactorDetails.aspx?current=414 HTTP/1.1" 200 9181
2024-08-20 16:42:58,067 - DEBUG - https://pris.iaea.org:443 "GET /PRIS/CountryStatistics/ReactorDetails.aspx?current=415 HTTP/1.1" 200 10142
2024-08-20 16:42:58,486 - DEBUG - https://pris.iaea.org:443 "GET /PRIS/CountryStatistics/ReactorDetails.aspx?current=416 HTTP/1.1" 200 10284
2024-08-20 16:42:58,927 - DEBUG - https://pris.iaea.org:443 "GET /PRIS/CountryStatistics/ReactorDetails.aspx?current=420 HTTP/1.1" 200 11697
2024-08-20 16:42:59,371 - DEBUG - https://pris.iaea.org:443 "GET /PRIS/CountryStatistics/ReactorDetails.aspx?current=421 HTTP/1.1" 200 11092
2024-08-20 16:42:59,774 - DEBUG - https://pris.iaea.org:443 "GET /PRIS/CountryStatistics/ReactorDetails.aspx?current=422 HTTP/1.1" 200 10962
2024-08-20 16:43:00,192 - DEBUG - https://pris.iaea.org:443 "GET /PRIS/CountryStatistics/ReactorDetails.aspx?current=423 HTTP/1.1" 200 13851
2024-08-20 16:43:00,605 - DEBUG - https://pris.iaea.org:443 "GET /PRIS/CountryStatistics/ReactorDetails.aspx?current=427 HTTP/1.1" 200 13487
2024-08-20 16:43:01,014 - DEBUG - https://pris.iaea.org:443 "GET /PRIS/CountryStatistics/ReactorDetails.aspx?current=428 HTTP/1.1" 200 10577
2024-08-20 16:43:01,433 - DEBUG - https://pris.iaea.org:443 "GET /PRIS/CountryStatistics/ReactorDetails.aspx?current=429 HTTP/1.1" 200 9196
2024-08-20 16:43:01,859 - DEBUG - https://pris.iaea.org:443 "GET /PRIS/CountryStatistics/ReactorDetails.aspx?current=442 HTTP/1.1" 200 10897
2024-08-20 16:43:02,333 - DEBUG - https://pris.iaea.org:443 "GET /PRIS/CountryStatistics/ReactorDetails.aspx?current=443 HTTP/1.1" 200 9586
2024-08-20 16:43:02,744 - DEBUG - https://pris.iaea.org:443 "GET /PRIS/CountryStatistics/ReactorDetails.aspx?current=447 HTTP/1.1" 200 10933
2024-08-20 16:43:03,218 - DEBUG - https://pris.iaea.org:443 "GET /PRIS/CountryStatistics/ReactorDetails.aspx?current=448 HTTP/1.1" 200 15640
2024-08-20 16:43:03,655 - DEBUG - https://pris.iaea.org:443 "GET /PRIS/CountryStatistics/ReactorDetails.aspx?current=451 HTTP/1.1" 200 10499
2024-08-20 16:43:04,119 - DEBUG - https://pris.iaea.org:443 "GET /PRIS/CountryStatistics/ReactorDetails.aspx?current=453 HTTP/1.1" 200 15716
2024-08-20 16:43:04,546 - DEBUG - https://pris.iaea.org:443 "GET /PRIS/CountryStatistics/ReactorDetails.aspx?current=460 HTTP/1.1" 200 15487
2024-08-20 16:43:04,996 - DEBUG - https://pris.iaea.org:443 "GET /PRIS/CountryStatistics/ReactorDetails.aspx?current=467 HTTP/1.1" 200 15025
2024-08-20 16:43:05,442 - DEBUG - https://pris.iaea.org:443 "GET /PRIS/CountryStatistics/ReactorDetails.aspx?current=468 HTTP/1.1" 200 15510
2024-08-20 16:43:05,886 - DEBUG - https://pris.iaea.org:443 "GET /PRIS/CountryStatistics/ReactorDetails.aspx?current=469 HTTP/1.1" 200 15322
2024-08-20 16:43:06,269 - DEBUG - https://pris.iaea.org:443 "GET /PRIS/CountryStatistics/ReactorDetails.aspx?current=470 HTTP/1.1" 200 15279
2024-08-20 16:43:06,688 - DEBUG - https://pris.iaea.org:443 "GET /PRIS/CountryStatistics/ReactorDetails.aspx?current=474 HTTP/1.1" 200 15095
2024-08-20 16:43:07,122 - DEBUG - https://pris.iaea.org:443 "GET /PRIS/CountryStatistics/ReactorDetails.aspx?current=475 HTTP/1.1" 200 14984
2024-08-20 16:43:07,572 - DEBUG - https://pris.iaea.org:443 "GET /PRIS/CountryStatistics/ReactorDetails.aspx?current=476 HTTP/1.1" 200 15109
2024-08-20 16:43:07,996 - DEBUG - https://pris.iaea.org:443 "GET /PRIS/CountryStatistics/ReactorDetails.aspx?current=483 HTTP/1.1" 200 14978
2024-08-20 16:43:08,439 - DEBUG - https://pris.iaea.org:443 "GET /PRIS/CountryStatistics/ReactorDetails.aspx?current=484 HTTP/1.1" 200 14705
2024-08-20 16:43:08,891 - DEBUG - https://pris.iaea.org:443 "GET /PRIS/CountryStatistics/ReactorDetails.aspx?current=485 HTTP/1.1" 200 14982
2024-08-20 16:43:09,346 - DEBUG - https://pris.iaea.org:443 "GET /PRIS/CountryStatistics/ReactorDetails.aspx?current=486 HTTP/1.1" 200 14534
2024-08-20 16:43:09,854 - DEBUG - https://pris.iaea.org:443 "GET /PRIS/CountryStatistics/ReactorDetails.aspx?current=487 HTTP/1.1" 200 14235
2024-08-20 16:43:10,271 - DEBUG - https://pris.iaea.org:443 "GET /PRIS/CountryStatistics/ReactorDetails.aspx?current=488 HTTP/1.1" 200 10339
2024-08-20 16:43:10,714 - DEBUG - https://pris.iaea.org:443 "GET /PRIS/CountryStatistics/ReactorDetails.aspx?current=489 HTTP/1.1" 200 14530
2024-08-20 16:43:11,276 - DEBUG - https://pris.iaea.org:443 "GET /PRIS/CountryStatistics/ReactorDetails.aspx?current=490 HTTP/1.1" 200 14099
2024-08-20 16:43:11,713 - DEBUG - https://pris.iaea.org:443 "GET /PRIS/CountryStatistics/ReactorDetails.aspx?current=491 HTTP/1.1" 200 14653
2024-08-20 16:43:12,136 - DEBUG - https://pris.iaea.org:443 "GET /PRIS/CountryStatistics/ReactorDetails.aspx?current=492 HTTP/1.1" 200 14361
2024-08-20 16:43:12,580 - DEBUG - https://pris.iaea.org:443 "GET /PRIS/CountryStatistics/ReactorDetails.aspx?current=493 HTTP/1.1" 200 14863
2024-08-20 16:43:13,003 - DEBUG - https://pris.iaea.org:443 "GET /PRIS/CountryStatistics/ReactorDetails.aspx?current=494 HTTP/1.1" 200 14577
2024-08-20 16:43:13,467 - DEBUG - https://pris.iaea.org:443 "GET /PRIS/CountryStatistics/ReactorDetails.aspx?current=495 HTTP/1.1" 200 11794
2024-08-20 16:43:13,871 - DEBUG - https://pris.iaea.org:443 "GET /PRIS/CountryStatistics/ReactorDetails.aspx?current=496 HTTP/1.1" 200 11040
2024-08-20 16:43:14,287 - DEBUG - https://pris.iaea.org:443 "GET /PRIS/CountryStatistics/ReactorDetails.aspx?current=497 HTTP/1.1" 200 14457
2024-08-20 16:43:14,748 - DEBUG - https://pris.iaea.org:443 "GET /PRIS/CountryStatistics/ReactorDetails.aspx?current=498 HTTP/1.1" 200 14154
2024-08-20 16:43:15,203 - DEBUG - https://pris.iaea.org:443 "GET /PRIS/CountryStatistics/ReactorDetails.aspx?current=499 HTTP/1.1" 200 10323
2024-08-20 16:43:15,638 - DEBUG - https://pris.iaea.org:443 "GET /PRIS/CountryStatistics/ReactorDetails.aspx?current=502 HTTP/1.1" 200 12162
2024-08-20 16:43:16,044 - DEBUG - https://pris.iaea.org:443 "GET /PRIS/CountryStatistics/ReactorDetails.aspx?current=503 HTTP/1.1" 200 10713
2024-08-20 16:43:16,453 - DEBUG - https://pris.iaea.org:443 "GET /PRIS/CountryStatistics/ReactorDetails.aspx?current=505 HTTP/1.1" 200 10996
2024-08-20 16:43:16,889 - DEBUG - https://pris.iaea.org:443 "GET /PRIS/CountryStatistics/ReactorDetails.aspx?current=506 HTTP/1.1" 200 10517
2024-08-20 16:43:17,290 - DEBUG - https://pris.iaea.org:443 "GET /PRIS/CountryStatistics/ReactorDetails.aspx?current=507 HTTP/1.1" 200 10137
2024-08-20 16:43:17,793 - DEBUG - https://pris.iaea.org:443 "GET /PRIS/CountryStatistics/ReactorDetails.aspx?current=508 HTTP/1.1" 200 13566
2024-08-20 16:43:18,194 - DEBUG - https://pris.iaea.org:443 "GET /PRIS/CountryStatistics/ReactorDetails.aspx?current=513 HTTP/1.1" 200 10707
2024-08-20 16:43:18,607 - DEBUG - https://pris.iaea.org:443 "GET /PRIS/CountryStatistics/ReactorDetails.aspx?current=519 HTTP/1.1" 200 15064
2024-08-20 16:43:19,123 - DEBUG - https://pris.iaea.org:443 "GET /PRIS/CountryStatistics/ReactorDetails.aspx?current=524 HTTP/1.1" 200 14132
2024-08-20 16:43:19,586 - DEBUG - https://pris.iaea.org:443 "GET /PRIS/CountryStatistics/ReactorDetails.aspx?current=525 HTTP/1.1" 200 13818
2024-08-20 16:43:20,059 - DEBUG - https://pris.iaea.org:443 "GET /PRIS/CountryStatistics/ReactorDetails.aspx?current=526 HTTP/1.1" 200 13651
2024-08-20 16:43:20,510 - DEBUG - https://pris.iaea.org:443 "GET /PRIS/CountryStatistics/ReactorDetails.aspx?current=527 HTTP/1.1" 200 13167
2024-08-20 16:43:20,945 - DEBUG - https://pris.iaea.org:443 "GET /PRIS/CountryStatistics/ReactorDetails.aspx?current=528 HTTP/1.1" 200 8419
2024-08-20 16:43:21,366 - DEBUG - https://pris.iaea.org:443 "GET /PRIS/CountryStatistics/ReactorDetails.aspx?current=529 HTTP/1.1" 200 13141
2024-08-20 16:43:21,814 - DEBUG - https://pris.iaea.org:443 "GET /PRIS/CountryStatistics/ReactorDetails.aspx?current=530 HTTP/1.1" 200 13337
2024-08-20 16:43:22,259 - DEBUG - https://pris.iaea.org:443 "GET /PRIS/CountryStatistics/ReactorDetails.aspx?current=531 HTTP/1.1" 200 12622
2024-08-20 16:43:22,677 - DEBUG - https://pris.iaea.org:443 "GET /PRIS/CountryStatistics/ReactorDetails.aspx?current=532 HTTP/1.1" 200 12822
2024-08-20 16:43:23,098 - DEBUG - https://pris.iaea.org:443 "GET /PRIS/CountryStatistics/ReactorDetails.aspx?current=534 HTTP/1.1" 200 13674
2024-08-20 16:43:23,547 - DEBUG - https://pris.iaea.org:443 "GET /PRIS/CountryStatistics/ReactorDetails.aspx?current=535 HTTP/1.1" 200 13189
2024-08-20 16:43:23,982 - DEBUG - https://pris.iaea.org:443 "GET /PRIS/CountryStatistics/ReactorDetails.aspx?current=536 HTTP/1.1" 200 13875
2024-08-20 16:43:24,414 - DEBUG - https://pris.iaea.org:443 "GET /PRIS/CountryStatistics/ReactorDetails.aspx?current=537 HTTP/1.1" 200 13726
2024-08-20 16:43:24,847 - DEBUG - https://pris.iaea.org:443 "GET /PRIS/CountryStatistics/ReactorDetails.aspx?current=538 HTTP/1.1" 200 11100
2024-08-20 16:43:25,329 - DEBUG - https://pris.iaea.org:443 "GET /PRIS/CountryStatistics/ReactorDetails.aspx?current=539 HTTP/1.1" 200 13437
2024-08-20 16:43:25,741 - DEBUG - https://pris.iaea.org:443 "GET /PRIS/CountryStatistics/ReactorDetails.aspx?current=540 HTTP/1.1" 200 11616
2024-08-20 16:43:26,172 - DEBUG - https://pris.iaea.org:443 "GET /PRIS/CountryStatistics/ReactorDetails.aspx?current=541 HTTP/1.1" 200 13412
2024-08-20 16:43:26,626 - DEBUG - https://pris.iaea.org:443 "GET /PRIS/CountryStatistics/ReactorDetails.aspx?current=542 HTTP/1.1" 200 12548
2024-08-20 16:43:27,033 - DEBUG - https://pris.iaea.org:443 "GET /PRIS/CountryStatistics/ReactorDetails.aspx?current=543 HTTP/1.1" 200 8476
2024-08-20 16:43:27,431 - DEBUG - https://pris.iaea.org:443 "GET /PRIS/CountryStatistics/ReactorDetails.aspx?current=544 HTTP/1.1" 200 7345
2024-08-20 16:43:27,820 - DEBUG - https://pris.iaea.org:443 "GET /PRIS/CountryStatistics/ReactorDetails.aspx?current=546 HTTP/1.1" 200 12611
2024-08-20 16:43:28,266 - DEBUG - https://pris.iaea.org:443 "GET /PRIS/CountryStatistics/ReactorDetails.aspx?current=547 HTTP/1.1" 200 12369
2024-08-20 16:43:28,674 - DEBUG - https://pris.iaea.org:443 "GET /PRIS/CountryStatistics/ReactorDetails.aspx?current=548 HTTP/1.1" 200 11372
2024-08-20 16:43:29,087 - DEBUG - https://pris.iaea.org:443 "GET /PRIS/CountryStatistics/ReactorDetails.aspx?current=549 HTTP/1.1" 200 11494
2024-08-20 16:43:29,509 - DEBUG - https://pris.iaea.org:443 "GET /PRIS/CountryStatistics/ReactorDetails.aspx?current=550 HTTP/1.1" 200 10875
2024-08-20 16:43:29,972 - DEBUG - https://pris.iaea.org:443 "GET /PRIS/CountryStatistics/ReactorDetails.aspx?current=551 HTTP/1.1" 200 10669
2024-08-20 16:43:30,410 - DEBUG - https://pris.iaea.org:443 "GET /PRIS/CountryStatistics/ReactorDetails.aspx?current=554 HTTP/1.1" 200 11552
2024-08-20 16:43:30,826 - DEBUG - https://pris.iaea.org:443 "GET /PRIS/CountryStatistics/ReactorDetails.aspx?current=555 HTTP/1.1" 200 11685
2024-08-20 16:43:31,259 - DEBUG - https://pris.iaea.org:443 "GET /PRIS/CountryStatistics/ReactorDetails.aspx?current=556 HTTP/1.1" 200 11941
2024-08-20 16:43:31,678 - DEBUG - https://pris.iaea.org:443 "GET /PRIS/CountryStatistics/ReactorDetails.aspx?current=557 HTTP/1.1" 200 12244
2024-08-20 16:43:32,119 - DEBUG - https://pris.iaea.org:443 "GET /PRIS/CountryStatistics/ReactorDetails.aspx?current=558 HTTP/1.1" 200 12127
2024-08-20 16:43:32,537 - DEBUG - https://pris.iaea.org:443 "GET /PRIS/CountryStatistics/ReactorDetails.aspx?current=559 HTTP/1.1" 200 11933
2024-08-20 16:43:32,990 - DEBUG - https://pris.iaea.org:443 "GET /PRIS/CountryStatistics/ReactorDetails.aspx?current=566 HTTP/1.1" 200 12446
2024-08-20 16:43:33,481 - DEBUG - https://pris.iaea.org:443 "GET /PRIS/CountryStatistics/ReactorDetails.aspx?current=567 HTTP/1.1" 200 11652
2024-08-20 16:43:33,924 - DEBUG - https://pris.iaea.org:443 "GET /PRIS/CountryStatistics/ReactorDetails.aspx?current=568 HTTP/1.1" 200 10803
2024-08-20 16:43:34,342 - DEBUG - https://pris.iaea.org:443 "GET /PRIS/CountryStatistics/ReactorDetails.aspx?current=569 HTTP/1.1" 200 9267
2024-08-20 16:43:34,745 - DEBUG - https://pris.iaea.org:443 "GET /PRIS/CountryStatistics/ReactorDetails.aspx?current=570 HTTP/1.1" 200 13636
2024-08-20 16:43:35,194 - DEBUG - https://pris.iaea.org:443 "GET /PRIS/CountryStatistics/ReactorDetails.aspx?current=571 HTTP/1.1" 200 13501
2024-08-20 16:43:35,608 - DEBUG - https://pris.iaea.org:443 "GET /PRIS/CountryStatistics/ReactorDetails.aspx?current=572 HTTP/1.1" 200 12921
2024-08-20 16:43:36,026 - DEBUG - https://pris.iaea.org:443 "GET /PRIS/CountryStatistics/ReactorDetails.aspx?current=573 HTTP/1.1" 200 12683
2024-08-20 16:43:36,451 - DEBUG - https://pris.iaea.org:443 "GET /PRIS/CountryStatistics/ReactorDetails.aspx?current=574 HTTP/1.1" 200 10654
2024-08-20 16:43:36,886 - DEBUG - https://pris.iaea.org:443 "GET /PRIS/CountryStatistics/ReactorDetails.aspx?current=575 HTTP/1.1" 200 10724
2024-08-20 16:43:37,321 - DEBUG - https://pris.iaea.org:443 "GET /PRIS/CountryStatistics/ReactorDetails.aspx?current=576 HTTP/1.1" 200 8300
2024-08-20 16:43:37,741 - DEBUG - https://pris.iaea.org:443 "GET /PRIS/CountryStatistics/ReactorDetails.aspx?current=577 HTTP/1.1" 200 13500
2024-08-20 16:43:38,189 - DEBUG - https://pris.iaea.org:443 "GET /PRIS/CountryStatistics/ReactorDetails.aspx?current=578 HTTP/1.1" 200 12925
2024-08-20 16:43:38,655 - DEBUG - https://pris.iaea.org:443 "GET /PRIS/CountryStatistics/ReactorDetails.aspx?current=579 HTTP/1.1" 200 12428
2024-08-20 16:43:39,055 - DEBUG - https://pris.iaea.org:443 "GET /PRIS/CountryStatistics/ReactorDetails.aspx?current=584 HTTP/1.1" 200 13047
2024-08-20 16:43:39,474 - DEBUG - https://pris.iaea.org:443 "GET /PRIS/CountryStatistics/ReactorDetails.aspx?current=586 HTTP/1.1" 200 13036
2024-08-20 16:43:39,884 - DEBUG - https://pris.iaea.org:443 "GET /PRIS/CountryStatistics/ReactorDetails.aspx?current=589 HTTP/1.1" 200 10642
2024-08-20 16:43:40,302 - DEBUG - https://pris.iaea.org:443 "GET /PRIS/CountryStatistics/ReactorDetails.aspx?current=594 HTTP/1.1" 200 12812
2024-08-20 16:43:40,754 - DEBUG - https://pris.iaea.org:443 "GET /PRIS/CountryStatistics/ReactorDetails.aspx?current=595 HTTP/1.1" 200 12581
2024-08-20 16:43:41,163 - DEBUG - https://pris.iaea.org:443 "GET /PRIS/CountryStatistics/ReactorDetails.aspx?current=596 HTTP/1.1" 200 13080
2024-08-20 16:43:41,548 - DEBUG - https://pris.iaea.org:443 "GET /PRIS/CountryStatistics/ReactorDetails.aspx?current=597 HTTP/1.1" 200 14626
2024-08-20 16:43:42,010 - DEBUG - https://pris.iaea.org:443 "GET /PRIS/CountryStatistics/ReactorDetails.aspx?current=598 HTTP/1.1" 200 13118
2024-08-20 16:43:42,429 - DEBUG - https://pris.iaea.org:443 "GET /PRIS/CountryStatistics/ReactorDetails.aspx?current=599 HTTP/1.1" 200 14237
2024-08-20 16:43:42,838 - DEBUG - https://pris.iaea.org:443 "GET /PRIS/CountryStatistics/ReactorDetails.aspx?current=600 HTTP/1.1" 200 13221
2024-08-20 16:43:43,257 - DEBUG - https://pris.iaea.org:443 "GET /PRIS/CountryStatistics/ReactorDetails.aspx?current=601 HTTP/1.1" 200 16670
2024-08-20 16:43:43,675 - DEBUG - https://pris.iaea.org:443 "GET /PRIS/CountryStatistics/ReactorDetails.aspx?current=602 HTTP/1.1" 200 13652
2024-08-20 16:43:44,066 - DEBUG - https://pris.iaea.org:443 "GET /PRIS/CountryStatistics/ReactorDetails.aspx?current=603 HTTP/1.1" 200 13624
2024-08-20 16:43:44,458 - DEBUG - https://pris.iaea.org:443 "GET /PRIS/CountryStatistics/ReactorDetails.aspx?current=604 HTTP/1.1" 200 16087
2024-08-20 16:43:44,867 - DEBUG - https://pris.iaea.org:443 "GET /PRIS/CountryStatistics/ReactorDetails.aspx?current=605 HTTP/1.1" 200 16744
2024-08-20 16:43:45,270 - DEBUG - https://pris.iaea.org:443 "GET /PRIS/CountryStatistics/ReactorDetails.aspx?current=606 HTTP/1.1" 200 19389
2024-08-20 16:43:45,697 - DEBUG - https://pris.iaea.org:443 "GET /PRIS/CountryStatistics/ReactorDetails.aspx?current=607 HTTP/1.1" 200 19974
2024-08-20 16:43:46,112 - DEBUG - https://pris.iaea.org:443 "GET /PRIS/CountryStatistics/ReactorDetails.aspx?current=608 HTTP/1.1" 200 19748
2024-08-20 16:43:46,525 - DEBUG - https://pris.iaea.org:443 "GET /PRIS/CountryStatistics/ReactorDetails.aspx?current=609 HTTP/1.1" 200 19879
2024-08-20 16:43:46,931 - DEBUG - https://pris.iaea.org:443 "GET /PRIS/CountryStatistics/ReactorDetails.aspx?current=610 HTTP/1.1" 200 16527
2024-08-20 16:43:47,326 - DEBUG - https://pris.iaea.org:443 "GET /PRIS/CountryStatistics/ReactorDetails.aspx?current=611 HTTP/1.1" 200 19272
2024-08-20 16:43:47,782 - DEBUG - https://pris.iaea.org:443 "GET /PRIS/CountryStatistics/ReactorDetails.aspx?current=612 HTTP/1.1" 200 19731
2024-08-20 16:43:48,192 - DEBUG - https://pris.iaea.org:443 "GET /PRIS/CountryStatistics/ReactorDetails.aspx?current=613 HTTP/1.1" 200 19509
2024-08-20 16:43:48,622 - DEBUG - https://pris.iaea.org:443 "GET /PRIS/CountryStatistics/ReactorDetails.aspx?current=614 HTTP/1.1" 200 19452
2024-08-20 16:43:49,016 - DEBUG - https://pris.iaea.org:443 "GET /PRIS/CountryStatistics/ReactorDetails.aspx?current=615 HTTP/1.1" 200 19648
2024-08-20 16:43:49,424 - DEBUG - https://pris.iaea.org:443 "GET /PRIS/CountryStatistics/ReactorDetails.aspx?current=616 HTTP/1.1" 200 19719
2024-08-20 16:43:49,841 - DEBUG - https://pris.iaea.org:443 "GET /PRIS/CountryStatistics/ReactorDetails.aspx?current=617 HTTP/1.1" 200 17848
2024-08-20 16:43:50,230 - DEBUG - https://pris.iaea.org:443 "GET /PRIS/CountryStatistics/ReactorDetails.aspx?current=618 HTTP/1.1" 200 19011
2024-08-20 16:43:50,611 - DEBUG - https://pris.iaea.org:443 "GET /PRIS/CountryStatistics/ReactorDetails.aspx?current=619 HTTP/1.1" 200 19883
2024-08-20 16:43:51,026 - DEBUG - https://pris.iaea.org:443 "GET /PRIS/CountryStatistics/ReactorDetails.aspx?current=620 HTTP/1.1" 200 19734
2024-08-20 16:43:51,411 - DEBUG - https://pris.iaea.org:443 "GET /PRIS/CountryStatistics/ReactorDetails.aspx?current=621 HTTP/1.1" 200 19554
2024-08-20 16:43:51,812 - DEBUG - https://pris.iaea.org:443 "GET /PRIS/CountryStatistics/ReactorDetails.aspx?current=622 HTTP/1.1" 200 19680
2024-08-20 16:43:52,258 - DEBUG - https://pris.iaea.org:443 "GET /PRIS/CountryStatistics/ReactorDetails.aspx?current=623 HTTP/1.1" 200 14541
2024-08-20 16:43:52,674 - DEBUG - https://pris.iaea.org:443 "GET /PRIS/CountryStatistics/ReactorDetails.aspx?current=624 HTTP/1.1" 200 19476
2024-08-20 16:43:53,108 - DEBUG - https://pris.iaea.org:443 "GET /PRIS/CountryStatistics/ReactorDetails.aspx?current=625 HTTP/1.1" 200 19220
2024-08-20 16:43:53,532 - DEBUG - https://pris.iaea.org:443 "GET /PRIS/CountryStatistics/ReactorDetails.aspx?current=626 HTTP/1.1" 200 18566
2024-08-20 16:43:53,918 - DEBUG - https://pris.iaea.org:443 "GET /PRIS/CountryStatistics/ReactorDetails.aspx?current=627 HTTP/1.1" 200 19105
2024-08-20 16:43:54,294 - DEBUG - https://pris.iaea.org:443 "GET /PRIS/CountryStatistics/ReactorDetails.aspx?current=628 HTTP/1.1" 200 17903
2024-08-20 16:43:54,696 - DEBUG - https://pris.iaea.org:443 "GET /PRIS/CountryStatistics/ReactorDetails.aspx?current=629 HTTP/1.1" 200 19312
2024-08-20 16:43:55,120 - DEBUG - https://pris.iaea.org:443 "GET /PRIS/CountryStatistics/ReactorDetails.aspx?current=630 HTTP/1.1" 200 19259
2024-08-20 16:43:55,546 - DEBUG - https://pris.iaea.org:443 "GET /PRIS/CountryStatistics/ReactorDetails.aspx?current=631 HTTP/1.1" 200 19499
2024-08-20 16:43:55,948 - DEBUG - https://pris.iaea.org:443 "GET /PRIS/CountryStatistics/ReactorDetails.aspx?current=632 HTTP/1.1" 200 19532
2024-08-20 16:43:56,356 - DEBUG - https://pris.iaea.org:443 "GET /PRIS/CountryStatistics/ReactorDetails.aspx?current=633 HTTP/1.1" 200 19474
2024-08-20 16:43:56,775 - DEBUG - https://pris.iaea.org:443 "GET /PRIS/CountryStatistics/ReactorDetails.aspx?current=634 HTTP/1.1" 200 18668
2024-08-20 16:43:57,240 - DEBUG - https://pris.iaea.org:443 "GET /PRIS/CountryStatistics/ReactorDetails.aspx?current=635 HTTP/1.1" 200 18883
2024-08-20 16:43:57,633 - DEBUG - https://pris.iaea.org:443 "GET /PRIS/CountryStatistics/ReactorDetails.aspx?current=636 HTTP/1.1" 200 19077
2024-08-20 16:43:58,027 - DEBUG - https://pris.iaea.org:443 "GET /PRIS/CountryStatistics/ReactorDetails.aspx?current=637 HTTP/1.1" 200 18855
2024-08-20 16:43:58,412 - DEBUG - https://pris.iaea.org:443 "GET /PRIS/CountryStatistics/ReactorDetails.aspx?current=638 HTTP/1.1" 200 16140
2024-08-20 16:43:58,789 - DEBUG - https://pris.iaea.org:443 "GET /PRIS/CountryStatistics/ReactorDetails.aspx?current=639 HTTP/1.1" 200 19218
2024-08-20 16:43:59,165 - DEBUG - https://pris.iaea.org:443 "GET /PRIS/CountryStatistics/ReactorDetails.aspx?current=640 HTTP/1.1" 200 16297
2024-08-20 16:43:59,556 - DEBUG - https://pris.iaea.org:443 "GET /PRIS/CountryStatistics/ReactorDetails.aspx?current=641 HTTP/1.1" 200 18397
2024-08-20 16:43:59,978 - DEBUG - https://pris.iaea.org:443 "GET /PRIS/CountryStatistics/ReactorDetails.aspx?current=642 HTTP/1.1" 200 19442
2024-08-20 16:44:00,409 - DEBUG - https://pris.iaea.org:443 "GET /PRIS/CountryStatistics/ReactorDetails.aspx?current=643 HTTP/1.1" 200 14070
2024-08-20 16:44:00,817 - DEBUG - https://pris.iaea.org:443 "GET /PRIS/CountryStatistics/ReactorDetails.aspx?current=644 HTTP/1.1" 200 19571
2024-08-20 16:44:01,256 - DEBUG - https://pris.iaea.org:443 "GET /PRIS/CountryStatistics/ReactorDetails.aspx?current=645 HTTP/1.1" 200 17602
2024-08-20 16:44:01,636 - DEBUG - https://pris.iaea.org:443 "GET /PRIS/CountryStatistics/ReactorDetails.aspx?current=646 HTTP/1.1" 200 16233
2024-08-20 16:44:02,006 - DEBUG - https://pris.iaea.org:443 "GET /PRIS/CountryStatistics/ReactorDetails.aspx?current=647 HTTP/1.1" 200 18000
2024-08-20 16:44:02,525 - DEBUG - https://pris.iaea.org:443 "GET /PRIS/CountryStatistics/ReactorDetails.aspx?current=648 HTTP/1.1" 200 19184
2024-08-20 16:44:02,947 - DEBUG - https://pris.iaea.org:443 "GET /PRIS/CountryStatistics/ReactorDetails.aspx?current=649 HTTP/1.1" 200 16179
2024-08-20 16:44:03,377 - DEBUG - https://pris.iaea.org:443 "GET /PRIS/CountryStatistics/ReactorDetails.aspx?current=650 HTTP/1.1" 200 18564
2024-08-20 16:44:03,759 - DEBUG - https://pris.iaea.org:443 "GET /PRIS/CountryStatistics/ReactorDetails.aspx?current=651 HTTP/1.1" 200 15011
2024-08-20 16:44:04,168 - DEBUG - https://pris.iaea.org:443 "GET /PRIS/CountryStatistics/ReactorDetails.aspx?current=652 HTTP/1.1" 200 19348
2024-08-20 16:44:04,582 - DEBUG - https://pris.iaea.org:443 "GET /PRIS/CountryStatistics/ReactorDetails.aspx?current=653 HTTP/1.1" 200 19324
2024-08-20 16:44:04,999 - DEBUG - https://pris.iaea.org:443 "GET /PRIS/CountryStatistics/ReactorDetails.aspx?current=654 HTTP/1.1" 200 18879
2024-08-20 16:44:05,409 - DEBUG - https://pris.iaea.org:443 "GET /PRIS/CountryStatistics/ReactorDetails.aspx?current=655 HTTP/1.1" 200 19252
2024-08-20 16:44:05,806 - DEBUG - https://pris.iaea.org:443 "GET /PRIS/CountryStatistics/ReactorDetails.aspx?current=656 HTTP/1.1" 200 18977
2024-08-20 16:44:06,225 - DEBUG - https://pris.iaea.org:443 "GET /PRIS/CountryStatistics/ReactorDetails.aspx?current=657 HTTP/1.1" 200 13137
2024-08-20 16:44:06,615 - DEBUG - https://pris.iaea.org:443 "GET /PRIS/CountryStatistics/ReactorDetails.aspx?current=658 HTTP/1.1" 200 19383
2024-08-20 16:44:07,013 - DEBUG - https://pris.iaea.org:443 "GET /PRIS/CountryStatistics/ReactorDetails.aspx?current=659 HTTP/1.1" 200 13164
2024-08-20 16:44:07,401 - DEBUG - https://pris.iaea.org:443 "GET /PRIS/CountryStatistics/ReactorDetails.aspx?current=660 HTTP/1.1" 200 17705
2024-08-20 16:44:07,881 - DEBUG - https://pris.iaea.org:443 "GET /PRIS/CountryStatistics/ReactorDetails.aspx?current=661 HTTP/1.1" 200 19222
2024-08-20 16:44:08,253 - DEBUG - https://pris.iaea.org:443 "GET /PRIS/CountryStatistics/ReactorDetails.aspx?current=662 HTTP/1.1" 200 19102
2024-08-20 16:44:08,671 - DEBUG - https://pris.iaea.org:443 "GET /PRIS/CountryStatistics/ReactorDetails.aspx?current=663 HTTP/1.1" 200 18638
2024-08-20 16:44:09,079 - DEBUG - https://pris.iaea.org:443 "GET /PRIS/CountryStatistics/ReactorDetails.aspx?current=664 HTTP/1.1" 200 18477
2024-08-20 16:44:09,480 - DEBUG - https://pris.iaea.org:443 "GET /PRIS/CountryStatistics/ReactorDetails.aspx?current=667 HTTP/1.1" 200 19149
2024-08-20 16:44:09,856 - DEBUG - https://pris.iaea.org:443 "GET /PRIS/CountryStatistics/ReactorDetails.aspx?current=668 HTTP/1.1" 200 19314
2024-08-20 16:44:10,251 - DEBUG - https://pris.iaea.org:443 "GET /PRIS/CountryStatistics/ReactorDetails.aspx?current=669 HTTP/1.1" 200 19138
2024-08-20 16:44:10,666 - DEBUG - https://pris.iaea.org:443 "GET /PRIS/CountryStatistics/ReactorDetails.aspx?current=670 HTTP/1.1" 200 18966
2024-08-20 16:44:11,056 - DEBUG - https://pris.iaea.org:443 "GET /PRIS/CountryStatistics/ReactorDetails.aspx?current=671 HTTP/1.1" 200 19166
2024-08-20 16:44:11,453 - DEBUG - https://pris.iaea.org:443 "GET /PRIS/CountryStatistics/ReactorDetails.aspx?current=672 HTTP/1.1" 200 18980
2024-08-20 16:44:11,842 - DEBUG - https://pris.iaea.org:443 "GET /PRIS/CountryStatistics/ReactorDetails.aspx?current=673 HTTP/1.1" 200 18644
2024-08-20 16:44:12,340 - DEBUG - https://pris.iaea.org:443 "GET /PRIS/CountryStatistics/ReactorDetails.aspx?current=674 HTTP/1.1" 200 17821
2024-08-20 16:44:12,708 - DEBUG - https://pris.iaea.org:443 "GET /PRIS/CountryStatistics/ReactorDetails.aspx?current=675 HTTP/1.1" 200 15303
2024-08-20 16:44:13,131 - DEBUG - https://pris.iaea.org:443 "GET /PRIS/CountryStatistics/ReactorDetails.aspx?current=676 HTTP/1.1" 200 19185
2024-08-20 16:44:13,531 - DEBUG - https://pris.iaea.org:443 "GET /PRIS/CountryStatistics/ReactorDetails.aspx?current=677 HTTP/1.1" 200 18962
2024-08-20 16:44:13,963 - DEBUG - https://pris.iaea.org:443 "GET /PRIS/CountryStatistics/ReactorDetails.aspx?current=678 HTTP/1.1" 200 17912
2024-08-20 16:44:14,338 - DEBUG - https://pris.iaea.org:443 "GET /PRIS/CountryStatistics/ReactorDetails.aspx?current=679 HTTP/1.1" 200 17160
2024-08-20 16:44:14,713 - DEBUG - https://pris.iaea.org:443 "GET /PRIS/CountryStatistics/ReactorDetails.aspx?current=680 HTTP/1.1" 200 17624
2024-08-20 16:44:15,157 - DEBUG - https://pris.iaea.org:443 "GET /PRIS/CountryStatistics/ReactorDetails.aspx?current=683 HTTP/1.1" 200 17001
2024-08-20 16:44:15,600 - DEBUG - https://pris.iaea.org:443 "GET /PRIS/CountryStatistics/ReactorDetails.aspx?current=684 HTTP/1.1" 200 16932
2024-08-20 16:44:16,034 - DEBUG - https://pris.iaea.org:443 "GET /PRIS/CountryStatistics/ReactorDetails.aspx?current=686 HTTP/1.1" 200 18444
2024-08-20 16:44:16,434 - DEBUG - https://pris.iaea.org:443 "GET /PRIS/CountryStatistics/ReactorDetails.aspx?current=687 HTTP/1.1" 200 18925
2024-08-20 16:44:17,027 - DEBUG - https://pris.iaea.org:443 "GET /PRIS/CountryStatistics/ReactorDetails.aspx?current=689 HTTP/1.1" 200 18833
2024-08-20 16:44:17,419 - DEBUG - https://pris.iaea.org:443 "GET /PRIS/CountryStatistics/ReactorDetails.aspx?current=690 HTTP/1.1" 200 18478
2024-08-20 16:44:18,076 - DEBUG - https://pris.iaea.org:443 "GET /PRIS/CountryStatistics/ReactorDetails.aspx?current=691 HTTP/1.1" 200 18158
2024-08-20 16:44:18,508 - DEBUG - https://pris.iaea.org:443 "GET /PRIS/CountryStatistics/ReactorDetails.aspx?current=692 HTTP/1.1" 200 18302
2024-08-20 16:44:18,959 - DEBUG - https://pris.iaea.org:443 "GET /PRIS/CountryStatistics/ReactorDetails.aspx?current=693 HTTP/1.1" 200 17963
2024-08-20 16:44:19,393 - DEBUG - https://pris.iaea.org:443 "GET /PRIS/CountryStatistics/ReactorDetails.aspx?current=695 HTTP/1.1" 200 18031
2024-08-20 16:44:19,848 - DEBUG - https://pris.iaea.org:443 "GET /PRIS/CountryStatistics/ReactorDetails.aspx?current=696 HTTP/1.1" 200 18562
2024-08-20 16:44:20,284 - DEBUG - https://pris.iaea.org:443 "GET /PRIS/CountryStatistics/ReactorDetails.aspx?current=697 HTTP/1.1" 200 18209
2024-08-20 16:44:20,740 - DEBUG - https://pris.iaea.org:443 "GET /PRIS/CountryStatistics/ReactorDetails.aspx?current=698 HTTP/1.1" 200 17995
2024-08-20 16:44:21,167 - DEBUG - https://pris.iaea.org:443 "GET /PRIS/CountryStatistics/ReactorDetails.aspx?current=699 HTTP/1.1" 200 16394
2024-08-20 16:44:21,589 - DEBUG - https://pris.iaea.org:443 "GET /PRIS/CountryStatistics/ReactorDetails.aspx?current=700 HTTP/1.1" 200 14277
2024-08-20 16:44:22,006 - DEBUG - https://pris.iaea.org:443 "GET /PRIS/CountryStatistics/ReactorDetails.aspx?current=701 HTTP/1.1" 200 18403
2024-08-20 16:44:22,440 - DEBUG - https://pris.iaea.org:443 "GET /PRIS/CountryStatistics/ReactorDetails.aspx?current=702 HTTP/1.1" 200 18146
2024-08-20 16:44:22,819 - DEBUG - https://pris.iaea.org:443 "GET /PRIS/CountryStatistics/ReactorDetails.aspx?current=703 HTTP/1.1" 200 13091
2024-08-20 16:44:23,190 - DEBUG - https://pris.iaea.org:443 "GET /PRIS/CountryStatistics/ReactorDetails.aspx?current=704 HTTP/1.1" 200 17554
2024-08-20 16:44:23,718 - DEBUG - https://pris.iaea.org:443 "GET /PRIS/CountryStatistics/ReactorDetails.aspx?current=710 HTTP/1.1" 200 15317
2024-08-20 16:44:24,096 - DEBUG - https://pris.iaea.org:443 "GET /PRIS/CountryStatistics/ReactorDetails.aspx?current=711 HTTP/1.1" 200 17796
2024-08-20 16:44:24,492 - DEBUG - https://pris.iaea.org:443 "GET /PRIS/CountryStatistics/ReactorDetails.aspx?current=712 HTTP/1.1" 200 17661
2024-08-20 16:44:24,876 - DEBUG - https://pris.iaea.org:443 "GET /PRIS/CountryStatistics/ReactorDetails.aspx?current=713 HTTP/1.1" 200 17838
2024-08-20 16:44:25,285 - DEBUG - https://pris.iaea.org:443 "GET /PRIS/CountryStatistics/ReactorDetails.aspx?current=714 HTTP/1.1" 200 17690
2024-08-20 16:44:25,667 - DEBUG - https://pris.iaea.org:443 "GET /PRIS/CountryStatistics/ReactorDetails.aspx?current=715 HTTP/1.1" 200 18096
2024-08-20 16:44:26,083 - DEBUG - https://pris.iaea.org:443 "GET /PRIS/CountryStatistics/ReactorDetails.aspx?current=717 HTTP/1.1" 200 17778
2024-08-20 16:44:26,470 - DEBUG - https://pris.iaea.org:443 "GET /PRIS/CountryStatistics/ReactorDetails.aspx?current=718 HTTP/1.1" 200 17581
2024-08-20 16:44:26,872 - DEBUG - https://pris.iaea.org:443 "GET /PRIS/CountryStatistics/ReactorDetails.aspx?current=719 HTTP/1.1" 200 17400
2024-08-20 16:44:27,257 - DEBUG - https://pris.iaea.org:443 "GET /PRIS/CountryStatistics/ReactorDetails.aspx?current=725 HTTP/1.1" 200 17899
2024-08-20 16:44:27,667 - DEBUG - https://pris.iaea.org:443 "GET /PRIS/CountryStatistics/ReactorDetails.aspx?current=727 HTTP/1.1" 200 17164
2024-08-20 16:44:28,066 - DEBUG - https://pris.iaea.org:443 "GET /PRIS/CountryStatistics/ReactorDetails.aspx?current=729 HTTP/1.1" 200 17175
2024-08-20 16:44:28,490 - DEBUG - https://pris.iaea.org:443 "GET /PRIS/CountryStatistics/ReactorDetails.aspx?current=730 HTTP/1.1" 200 16874
2024-08-20 16:44:28,955 - DEBUG - https://pris.iaea.org:443 "GET /PRIS/CountryStatistics/ReactorDetails.aspx?current=735 HTTP/1.1" 200 17843
2024-08-20 16:44:29,367 - DEBUG - https://pris.iaea.org:443 "GET /PRIS/CountryStatistics/ReactorDetails.aspx?current=736 HTTP/1.1" 200 17494
2024-08-20 16:44:29,756 - DEBUG - https://pris.iaea.org:443 "GET /PRIS/CountryStatistics/ReactorDetails.aspx?current=737 HTTP/1.1" 200 17583
2024-08-20 16:44:30,158 - DEBUG - https://pris.iaea.org:443 "GET /PRIS/CountryStatistics/ReactorDetails.aspx?current=738 HTTP/1.1" 200 17511
2024-08-20 16:44:30,548 - DEBUG - https://pris.iaea.org:443 "GET /PRIS/CountryStatistics/ReactorDetails.aspx?current=739 HTTP/1.1" 200 17876
2024-08-20 16:44:30,948 - DEBUG - https://pris.iaea.org:443 "GET /PRIS/CountryStatistics/ReactorDetails.aspx?current=742 HTTP/1.1" 200 17684
2024-08-20 16:44:31,349 - DEBUG - https://pris.iaea.org:443 "GET /PRIS/CountryStatistics/ReactorDetails.aspx?current=751 HTTP/1.1" 200 17957
2024-08-20 16:44:31,723 - DEBUG - https://pris.iaea.org:443 "GET /PRIS/CountryStatistics/ReactorDetails.aspx?current=752 HTTP/1.1" 200 17925
2024-08-20 16:44:32,132 - DEBUG - https://pris.iaea.org:443 "GET /PRIS/CountryStatistics/ReactorDetails.aspx?current=764 HTTP/1.1" 200 17482
2024-08-20 16:44:32,512 - DEBUG - https://pris.iaea.org:443 "GET /PRIS/CountryStatistics/ReactorDetails.aspx?current=765 HTTP/1.1" 200 17301
2024-08-20 16:44:32,929 - DEBUG - https://pris.iaea.org:443 "GET /PRIS/CountryStatistics/ReactorDetails.aspx?current=789 HTTP/1.1" 200 17868
2024-08-20 16:44:33,397 - DEBUG - https://pris.iaea.org:443 "GET /PRIS/CountryStatistics/ReactorDetails.aspx?current=790 HTTP/1.1" 200 17587
2024-08-20 16:44:33,789 - DEBUG - https://pris.iaea.org:443 "GET /PRIS/CountryStatistics/ReactorDetails.aspx?current=791 HTTP/1.1" 200 17452
2024-08-20 16:44:34,223 - DEBUG - https://pris.iaea.org:443 "GET /PRIS/CountryStatistics/ReactorDetails.aspx?current=836 HTTP/1.1" 200 12193
2024-08-20 16:44:34,618 - DEBUG - https://pris.iaea.org:443 "GET /PRIS/CountryStatistics/ReactorDetails.aspx?current=837 HTTP/1.1" 200 12050
2024-08-20 16:44:34,986 - DEBUG - https://pris.iaea.org:443 "GET /PRIS/CountryStatistics/ReactorDetails.aspx?current=838 HTTP/1.1" 200 12374
2024-08-20 16:44:35,374 - DEBUG - https://pris.iaea.org:443 "GET /PRIS/CountryStatistics/ReactorDetails.aspx?current=839 HTTP/1.1" 200 12203
2024-08-20 16:44:35,746 - DEBUG - https://pris.iaea.org:443 "GET /PRIS/CountryStatistics/ReactorDetails.aspx?current=840 HTTP/1.1" 200 12793
2024-08-20 16:44:36,132 - DEBUG - https://pris.iaea.org:443 "GET /PRIS/CountryStatistics/ReactorDetails.aspx?current=841 HTTP/1.1" 200 11333
2024-08-20 16:44:36,518 - DEBUG - https://pris.iaea.org:443 "GET /PRIS/CountryStatistics/ReactorDetails.aspx?current=842 HTTP/1.1" 200 11222
2024-08-20 16:44:36,893 - DEBUG - https://pris.iaea.org:443 "GET /PRIS/CountryStatistics/ReactorDetails.aspx?current=843 HTTP/1.1" 200 11476
2024-08-20 16:44:37,272 - DEBUG - https://pris.iaea.org:443 "GET /PRIS/CountryStatistics/ReactorDetails.aspx?current=852 HTTP/1.1" 200 9863
2024-08-20 16:44:37,656 - DEBUG - https://pris.iaea.org:443 "GET /PRIS/CountryStatistics/ReactorDetails.aspx?current=853 HTTP/1.1" 200 9481
2024-08-20 16:44:38,042 - DEBUG - https://pris.iaea.org:443 "GET /PRIS/CountryStatistics/ReactorDetails.aspx?current=856 HTTP/1.1" 200 10851
2024-08-20 16:44:38,387 - DEBUG - https://pris.iaea.org:443 "GET /PRIS/CountryStatistics/ReactorDetails.aspx?current=860 HTTP/1.1" 200 7351
2024-08-20 16:44:38,757 - DEBUG - https://pris.iaea.org:443 "GET /PRIS/CountryStatistics/ReactorDetails.aspx?current=864 HTTP/1.1" 200 10105
2024-08-20 16:44:39,119 - DEBUG - https://pris.iaea.org:443 "GET /PRIS/CountryStatistics/ReactorDetails.aspx?current=865 HTTP/1.1" 200 9950
2024-08-20 16:44:39,523 - DEBUG - https://pris.iaea.org:443 "GET /PRIS/CountryStatistics/ReactorDetails.aspx?current=875 HTTP/1.1" 200 11935
2024-08-20 16:44:39,894 - DEBUG - https://pris.iaea.org:443 "GET /PRIS/CountryStatistics/ReactorDetails.aspx?current=876 HTTP/1.1" 200 12080
2024-08-20 16:44:40,311 - DEBUG - https://pris.iaea.org:443 "GET /PRIS/CountryStatistics/ReactorDetails.aspx?current=877 HTTP/1.1" 200 11871
2024-08-20 16:44:40,679 - DEBUG - https://pris.iaea.org:443 "GET /PRIS/CountryStatistics/ReactorDetails.aspx?current=878 HTTP/1.1" 200 11956
2024-08-20 16:44:41,068 - DEBUG - https://pris.iaea.org:443 "GET /PRIS/CountryStatistics/ReactorDetails.aspx?current=879 HTTP/1.1" 200 11077
2024-08-20 16:44:41,448 - DEBUG - https://pris.iaea.org:443 "GET /PRIS/CountryStatistics/ReactorDetails.aspx?current=880 HTTP/1.1" 200 11094
2024-08-20 16:44:41,835 - DEBUG - https://pris.iaea.org:443 "GET /PRIS/CountryStatistics/ReactorDetails.aspx?current=881 HTTP/1.1" 200 11641
2024-08-20 16:44:42,275 - DEBUG - https://pris.iaea.org:443 "GET /PRIS/CountryStatistics/ReactorDetails.aspx?current=882 HTTP/1.1" 200 11445
2024-08-20 16:44:42,679 - DEBUG - https://pris.iaea.org:443 "GET /PRIS/CountryStatistics/ReactorDetails.aspx?current=883 HTTP/1.1" 200 9971
2024-08-20 16:44:43,059 - DEBUG - https://pris.iaea.org:443 "GET /PRIS/CountryStatistics/ReactorDetails.aspx?current=884 HTTP/1.1" 200 9507
2024-08-20 16:44:43,423 - DEBUG - https://pris.iaea.org:443 "GET /PRIS/CountryStatistics/ReactorDetails.aspx?current=885 HTTP/1.1" 200 9264
2024-08-20 16:44:43,872 - DEBUG - https://pris.iaea.org:443 "GET /PRIS/CountryStatistics/ReactorDetails.aspx?current=886 HTTP/1.1" 200 8892
2024-08-20 16:44:44,250 - DEBUG - https://pris.iaea.org:443 "GET /PRIS/CountryStatistics/ReactorDetails.aspx?current=887 HTTP/1.1" 200 8391
2024-08-20 16:44:44,644 - DEBUG - https://pris.iaea.org:443 "GET /PRIS/CountryStatistics/ReactorDetails.aspx?current=888 HTTP/1.1" 200 8140
2024-08-20 16:44:45,029 - DEBUG - https://pris.iaea.org:443 "GET /PRIS/CountryStatistics/ReactorDetails.aspx?current=890 HTTP/1.1" 200 13817
2024-08-20 16:44:45,437 - DEBUG - https://pris.iaea.org:443 "GET /PRIS/CountryStatistics/ReactorDetails.aspx?current=891 HTTP/1.1" 200 13031
2024-08-20 16:44:45,822 - DEBUG - https://pris.iaea.org:443 "GET /PRIS/CountryStatistics/ReactorDetails.aspx?current=892 HTTP/1.1" 200 13123
2024-08-20 16:44:46,204 - DEBUG - https://pris.iaea.org:443 "GET /PRIS/CountryStatistics/ReactorDetails.aspx?current=893 HTTP/1.1" 200 13060
2024-08-20 16:44:46,645 - DEBUG - https://pris.iaea.org:443 "GET /PRIS/CountryStatistics/ReactorDetails.aspx?current=894 HTTP/1.1" 200 13093
2024-08-20 16:44:47,038 - DEBUG - https://pris.iaea.org:443 "GET /PRIS/CountryStatistics/ReactorDetails.aspx?current=895 HTTP/1.1" 200 9925
2024-08-20 16:44:47,441 - DEBUG - https://pris.iaea.org:443 "GET /PRIS/CountryStatistics/ReactorDetails.aspx?current=896 HTTP/1.1" 200 9960
2024-08-20 16:44:47,891 - DEBUG - https://pris.iaea.org:443 "GET /PRIS/CountryStatistics/ReactorDetails.aspx?current=898 HTTP/1.1" 200 10346
2024-08-20 16:44:48,339 - DEBUG - https://pris.iaea.org:443 "GET /PRIS/CountryStatistics/ReactorDetails.aspx?current=899 HTTP/1.1" 200 9993
2024-08-20 16:44:48,734 - DEBUG - https://pris.iaea.org:443 "GET /PRIS/CountryStatistics/ReactorDetails.aspx?current=900 HTTP/1.1" 200 10142
2024-08-20 16:44:49,127 - DEBUG - https://pris.iaea.org:443 "GET /PRIS/CountryStatistics/ReactorDetails.aspx?current=901 HTTP/1.1" 200 9792
2024-08-20 16:44:49,489 - DEBUG - https://pris.iaea.org:443 "GET /PRIS/CountryStatistics/ReactorDetails.aspx?current=904 HTTP/1.1" 200 11651
2024-08-20 16:44:49,876 - DEBUG - https://pris.iaea.org:443 "GET /PRIS/CountryStatistics/ReactorDetails.aspx?current=905 HTTP/1.1" 200 11659
2024-08-20 16:44:50,252 - DEBUG - https://pris.iaea.org:443 "GET /PRIS/CountryStatistics/ReactorDetails.aspx?current=906 HTTP/1.1" 200 11440
2024-08-20 16:44:50,642 - DEBUG - https://pris.iaea.org:443 "GET /PRIS/CountryStatistics/ReactorDetails.aspx?current=907 HTTP/1.1" 200 11309
2024-08-20 16:44:51,015 - DEBUG - https://pris.iaea.org:443 "GET /PRIS/CountryStatistics/ReactorDetails.aspx?current=908 HTTP/1.1" 200 10954
2024-08-20 16:44:51,382 - DEBUG - https://pris.iaea.org:443 "GET /PRIS/CountryStatistics/ReactorDetails.aspx?current=909 HTTP/1.1" 200 10892
2024-08-20 16:44:51,771 - DEBUG - https://pris.iaea.org:443 "GET /PRIS/CountryStatistics/ReactorDetails.aspx?current=912 HTTP/1.1" 200 11652
2024-08-20 16:44:52,209 - DEBUG - https://pris.iaea.org:443 "GET /PRIS/CountryStatistics/ReactorDetails.aspx?current=913 HTTP/1.1" 200 11433
2024-08-20 16:44:52,618 - DEBUG - https://pris.iaea.org:443 "GET /PRIS/CountryStatistics/ReactorDetails.aspx?current=914 HTTP/1.1" 200 11458
2024-08-20 16:44:52,978 - DEBUG - https://pris.iaea.org:443 "GET /PRIS/CountryStatistics/ReactorDetails.aspx?current=915 HTTP/1.1" 200 11347
2024-08-20 16:44:53,337 - DEBUG - https://pris.iaea.org:443 "GET /PRIS/CountryStatistics/ReactorDetails.aspx?current=918 HTTP/1.1" 200 10994
2024-08-20 16:44:53,700 - DEBUG - https://pris.iaea.org:443 "GET /PRIS/CountryStatistics/ReactorDetails.aspx?current=919 HTTP/1.1" 200 10864
2024-08-20 16:44:54,065 - DEBUG - https://pris.iaea.org:443 "GET /PRIS/CountryStatistics/ReactorDetails.aspx?current=921 HTTP/1.1" 200 11784
2024-08-20 16:44:54,447 - DEBUG - https://pris.iaea.org:443 "GET /PRIS/CountryStatistics/ReactorDetails.aspx?current=922 HTTP/1.1" 200 11588
2024-08-20 16:44:54,835 - DEBUG - https://pris.iaea.org:443 "GET /PRIS/CountryStatistics/ReactorDetails.aspx?current=923 HTTP/1.1" 200 11418
2024-08-20 16:44:55,317 - DEBUG - https://pris.iaea.org:443 "GET /PRIS/CountryStatistics/ReactorDetails.aspx?current=924 HTTP/1.1" 200 11337
2024-08-20 16:44:55,725 - DEBUG - https://pris.iaea.org:443 "GET /PRIS/CountryStatistics/ReactorDetails.aspx?current=931 HTTP/1.1" 200 11429
2024-08-20 16:44:56,087 - DEBUG - https://pris.iaea.org:443 "GET /PRIS/CountryStatistics/ReactorDetails.aspx?current=932 HTTP/1.1" 200 11249
2024-08-20 16:44:56,441 - DEBUG - https://pris.iaea.org:443 "GET /PRIS/CountryStatistics/ReactorDetails.aspx?current=933 HTTP/1.1" 200 11086
2024-08-20 16:44:56,844 - DEBUG - https://pris.iaea.org:443 "GET /PRIS/CountryStatistics/ReactorDetails.aspx?current=934 HTTP/1.1" 200 10992
2024-08-20 16:44:57,215 - DEBUG - https://pris.iaea.org:443 "GET /PRIS/CountryStatistics/ReactorDetails.aspx?current=935 HTTP/1.1" 200 11260
2024-08-20 16:44:57,570 - DEBUG - https://pris.iaea.org:443 "GET /PRIS/CountryStatistics/ReactorDetails.aspx?current=936 HTTP/1.1" 200 11068
2024-08-20 16:44:57,942 - DEBUG - https://pris.iaea.org:443 "GET /PRIS/CountryStatistics/ReactorDetails.aspx?current=937 HTTP/1.1" 200 10639
2024-08-20 16:44:58,299 - DEBUG - https://pris.iaea.org:443 "GET /PRIS/CountryStatistics/ReactorDetails.aspx?current=938 HTTP/1.1" 200 10347
2024-08-20 16:44:58,665 - DEBUG - https://pris.iaea.org:443 "GET /PRIS/CountryStatistics/ReactorDetails.aspx?current=939 HTTP/1.1" 200 11362
2024-08-20 16:44:59,020 - DEBUG - https://pris.iaea.org:443 "GET /PRIS/CountryStatistics/ReactorDetails.aspx?current=940 HTTP/1.1" 200 11427
2024-08-20 16:44:59,432 - DEBUG - https://pris.iaea.org:443 "GET /PRIS/CountryStatistics/ReactorDetails.aspx?current=943 HTTP/1.1" 200 11467
2024-08-20 16:45:00,008 - DEBUG - https://pris.iaea.org:443 "GET /PRIS/CountryStatistics/ReactorDetails.aspx?current=944 HTTP/1.1" 200 11341
2024-08-20 16:45:00,361 - DEBUG - https://pris.iaea.org:443 "GET /PRIS/CountryStatistics/ReactorDetails.aspx?current=945 HTTP/1.1" 200 10156
2024-08-20 16:45:00,737 - DEBUG - https://pris.iaea.org:443 "GET /PRIS/CountryStatistics/ReactorDetails.aspx?current=946 HTTP/1.1" 200 10058
2024-08-20 16:45:01,191 - DEBUG - https://pris.iaea.org:443 "GET /PRIS/CountryStatistics/ReactorDetails.aspx?current=957 HTTP/1.1" 200 10366
2024-08-20 16:45:01,545 - DEBUG - https://pris.iaea.org:443 "GET /PRIS/CountryStatistics/ReactorDetails.aspx?current=966 HTTP/1.1" 200 7419
2024-08-20 16:45:01,900 - DEBUG - https://pris.iaea.org:443 "GET /PRIS/CountryStatistics/ReactorDetails.aspx?current=973 HTTP/1.1" 200 11073
2024-08-20 16:45:02,267 - DEBUG - https://pris.iaea.org:443 "GET /PRIS/CountryStatistics/ReactorDetails.aspx?current=974 HTTP/1.1" 200 10907
2024-08-20 16:45:02,637 - DEBUG - https://pris.iaea.org:443 "GET /PRIS/CountryStatistics/ReactorDetails.aspx?current=975 HTTP/1.1" 200 10604
2024-08-20 16:45:03,001 - DEBUG - https://pris.iaea.org:443 "GET /PRIS/CountryStatistics/ReactorDetails.aspx?current=976 HTTP/1.1" 200 10415
2024-08-20 16:45:03,351 - DEBUG - https://pris.iaea.org:443 "GET /PRIS/CountryStatistics/ReactorDetails.aspx?current=986 HTTP/1.1" 200 8541
2024-08-20 16:45:03,746 - DEBUG - https://pris.iaea.org:443 "GET /PRIS/CountryStatistics/ReactorDetails.aspx?current=987 HTTP/1.1" 200 8114
2024-08-20 16:45:04,136 - DEBUG - https://pris.iaea.org:443 "GET /PRIS/CountryStatistics/ReactorDetails.aspx?current=997 HTTP/1.1" 200 10555
2024-08-20 16:45:04,544 - DEBUG - https://pris.iaea.org:443 "GET /PRIS/CountryStatistics/ReactorDetails.aspx?current=998 HTTP/1.1" 200 10421
2024-08-20 16:45:04,934 - DEBUG - https://pris.iaea.org:443 "GET /PRIS/CountryStatistics/ReactorDetails.aspx?current=1042 HTTP/1.1" 200 12991
2024-08-20 16:45:05,342 - DEBUG - https://pris.iaea.org:443 "GET /PRIS/CountryStatistics/ReactorDetails.aspx?current=1043 HTTP/1.1" 200 12865
2024-08-20 16:45:05,709 - DEBUG - https://pris.iaea.org:443 "GET /PRIS/CountryStatistics/ReactorDetails.aspx?current=1044 HTTP/1.1" 200 8581
2024-08-20 16:45:06,090 - DEBUG - https://pris.iaea.org:443 "GET /PRIS/CountryStatistics/ReactorDetails.aspx?current=1045 HTTP/1.1" 200 8477
2024-08-20 16:45:06,461 - DEBUG - https://pris.iaea.org:443 "GET /PRIS/CountryStatistics/ReactorDetails.aspx?current=1050 HTTP/1.1" 200 7821
2024-08-20 16:45:06,856 - DEBUG - https://pris.iaea.org:443 "GET /PRIS/CountryStatistics/ReactorDetails.aspx?current=1051 HTTP/1.1" 200 7569
2024-08-20 16:45:07,224 - DEBUG - https://pris.iaea.org:443 "GET /PRIS/CountryStatistics/ReactorDetails.aspx?current=1052 HTTP/1.1" 200 7342
2024-08-20 16:45:07,596 - DEBUG - https://pris.iaea.org:443 "GET /PRIS/CountryStatistics/ReactorDetails.aspx?current=1053 HTTP/1.1" 200 7011
2024-08-20 16:45:07,936 - DEBUG - https://pris.iaea.org:443 "GET /PRIS/CountryStatistics/ReactorDetails.aspx?current=1056 HTTP/1.1" 200 7670
2024-08-20 16:45:08,298 - DEBUG - https://pris.iaea.org:443 "GET /PRIS/CountryStatistics/ReactorDetails.aspx?current=1061 HTTP/1.1" 200 7126
2024-08-20 16:45:08,674 - DEBUG - https://pris.iaea.org:443 "GET /PRIS/CountryStatistics/ReactorDetails.aspx?current=1067 HTTP/1.1" 200 7767
2024-08-20 16:45:09,030 - DEBUG - https://pris.iaea.org:443 "GET /PRIS/CountryStatistics/ReactorDetails.aspx?current=1068 HTTP/1.1" 200 7602
2024-08-20 16:45:09,110 - DEBUG - URL being requested: POST https://sheets.googleapis.com/v4/spreadsheets/1mPf9NiRRimWTYZkHdcpJ2pX8yC2QOSkjejjnRJOxzHQ:batchUpdate?fields=%2A&alt=json
2024-08-20 16:45:09,818 - DEBUG - URL being requested: GET https://sheets.googleapis.com/v4/spreadsheets/1mPf9NiRRimWTYZkHdcpJ2pX8yC2QOSkjejjnRJOxzHQ?fields=properties%2Csheets%28properties%2CprotectedRanges%2Cmerges%2CconditionalFormats%2CfilterViews%29%2CspreadsheetId%2CnamedRanges&includeGridData=false&alt=json
2024-08-20 16:45:10,094 - DEBUG - URL being requested: PUT https://sheets.googleapis.com/v4/spreadsheets/1mPf9NiRRimWTYZkHdcpJ2pX8yC2QOSkjejjnRJOxzHQ/values/%27Reatores%2FAno%27%21A1%3AK2?valueInputOption=USER_ENTERED&alt=json
2024-08-20 16:45:10,506 - DEBUG - URL being requested: GET https://sheets.googleapis.com/v4/spreadsheets/1mPf9NiRRimWTYZkHdcpJ2pX8yC2QOSkjejjnRJOxzHQ?fields=properties%2Csheets%28properties%2CprotectedRanges%2Cmerges%2CconditionalFormats%2CfilterViews%29%2CspreadsheetId%2CnamedRanges&includeGridData=false&alt=json
2024-08-20 16:45:10,904 - DEBUG - URL being requested: PUT https://sheets.googleapis.com/v4/spreadsheets/1mPf9NiRRimWTYZkHdcpJ2pX8yC2QOSkjejjnRJOxzHQ/values/%27Reatores%2FAno%27%21A2%3AK5002?valueInputOption=USER_ENTERED&alt=json
2024-08-20 16:45:12,879 - DEBUG - URL being requested: PUT https://sheets.googleapis.com/v4/spreadsheets/1mPf9NiRRimWTYZkHdcpJ2pX8yC2QOSkjejjnRJOxzHQ/values/%27Reatores%2FAno%27%21A5002%3AK10002?valueInputOption=USER_ENTERED&alt=json
2024-08-20 16:45:14,561 - DEBUG - URL being requested: PUT https://sheets.googleapis.com/v4/spreadsheets/1mPf9NiRRimWTYZkHdcpJ2pX8yC2QOSkjejjnRJOxzHQ/values/%27Reatores%2FAno%27%21A10002%3AK15002?valueInputOption=USER_ENTERED&alt=json
2024-08-20 16:45:16,205 - DEBUG - URL being requested: PUT https://sheets.googleapis.com/v4/spreadsheets/1mPf9NiRRimWTYZkHdcpJ2pX8yC2QOSkjejjnRJOxzHQ/values/%27Reatores%2FAno%27%21A15002%3AK19393?valueInputOption=USER_ENTERED&alt=json
2024-08-20 16:45:17,756 - DEBUG - URL being requested: POST https://sheets.googleapis.com/v4/spreadsheets/1mPf9NiRRimWTYZkHdcpJ2pX8yC2QOSkjejjnRJOxzHQ:batchUpdate?fields=%2A&alt=json
2024-08-20 16:45:25,579 - INFO - Finished start
